{"/mnt/c/Users/Guiguito/Documents/GitHub/app-store-scraper-ts/dist/cjs/common.js":{"path":"/mnt/c/Users/Guiguito/Documents/GitHub/app-store-scraper-ts/dist/cjs/common.js","statementMap":{"0":{"start":{"line":2,"column":0},"end":{"line":2,"column":62}},"1":{"start":{"line":3,"column":0},"end":{"line":3,"column":28}},"2":{"start":{"line":4,"column":0},"end":{"line":4,"column":24}},"3":{"start":{"line":5,"column":0},"end":{"line":5,"column":26}},"4":{"start":{"line":6,"column":17},"end":{"line":6,"column":41}},"5":{"start":{"line":7,"column":20},"end":{"line":7,"column":42}},"6":{"start":{"line":8,"column":19},"end":{"line":8,"column":52}},"7":{"start":{"line":10,"column":4},"end":{"line":44,"column":6}},"8":{"start":{"line":47,"column":22},"end":{"line":47,"column":69}},"9":{"start":{"line":48,"column":22},"end":{"line":48,"column":35}},"10":{"start":{"line":49,"column":16},"end":{"line":49,"column":102}},"11":{"start":{"line":50,"column":17},"end":{"line":50,"column":78}},"12":{"start":{"line":51,"column":19},"end":{"line":51,"column":35}},"13":{"start":{"line":52,"column":25},"end":{"line":52,"column":137}},"14":{"start":{"line":52,"column":64},"end":{"line":52,"column":136}},"15":{"start":{"line":53,"column":4},"end":{"line":53,"column":38}},"16":{"start":{"line":56,"column":25},"end":{"line":56,"column":33}},"17":{"start":{"line":57,"column":4},"end":{"line":58,"column":28}},"18":{"start":{"line":58,"column":8},"end":{"line":58,"column":28}},"19":{"start":{"line":59,"column":17},"end":{"line":59,"column":42}},"20":{"start":{"line":60,"column":4},"end":{"line":60,"column":61}}},"fnMap":{"0":{"name":"cleanApp","decl":{"start":{"line":9,"column":9},"end":{"line":9,"column":17}},"loc":{"start":{"line":9,"column":23},"end":{"line":45,"column":1}},"line":9},"1":{"name":"lookup","decl":{"start":{"line":46,"column":15},"end":{"line":46,"column":21}},"loc":{"start":{"line":46,"column":88},"end":{"line":54,"column":1}},"line":46},"2":{"name":"(anonymous_2)","decl":{"start":{"line":52,"column":55},"end":{"line":52,"column":56}},"loc":{"start":{"line":52,"column":64},"end":{"line":52,"column":136}},"line":52},"3":{"name":"storeId","decl":{"start":{"line":55,"column":9},"end":{"line":55,"column":16}},"loc":{"start":{"line":55,"column":30},"end":{"line":61,"column":1}},"line":55}},"branchMap":{"0":{"loc":{"start":{"line":16,"column":14},"end":{"line":16,"column":72}},"type":"binary-expr","locations":[{"start":{"line":16,"column":14},"end":{"line":16,"column":31}},{"start":{"line":16,"column":35},"end":{"line":16,"column":52}},{"start":{"line":16,"column":56},"end":{"line":16,"column":72}}],"line":16},"1":{"loc":{"start":{"line":26,"column":17},"end":{"line":26,"column":65}},"type":"binary-expr","locations":[{"start":{"line":26,"column":17},"end":{"line":26,"column":46}},{"start":{"line":26,"column":50},"end":{"line":26,"column":65}}],"line":26},"2":{"loc":{"start":{"line":31,"column":14},"end":{"line":31,"column":83}},"type":"binary-expr","locations":[{"start":{"line":31,"column":14},"end":{"line":31,"column":29}},{"start":{"line":31,"column":33},"end":{"line":31,"column":50}},{"start":{"line":31,"column":54},"end":{"line":31,"column":83}}],"line":31},"3":{"loc":{"start":{"line":46,"column":27},"end":{"line":46,"column":41}},"type":"default-arg","locations":[{"start":{"line":46,"column":37},"end":{"line":46,"column":41}}],"line":46},"4":{"loc":{"start":{"line":46,"column":43},"end":{"line":46,"column":57}},"type":"default-arg","locations":[{"start":{"line":46,"column":53},"end":{"line":46,"column":57}}],"line":46},"5":{"loc":{"start":{"line":47,"column":22},"end":{"line":47,"column":69}},"type":"cond-expr","locations":[{"start":{"line":47,"column":29},"end":{"line":47,"column":64}},{"start":{"line":47,"column":67},"end":{"line":47,"column":69}}],"line":47},"6":{"loc":{"start":{"line":52,"column":26},"end":{"line":52,"column":46}},"type":"binary-expr","locations":[{"start":{"line":52,"column":26},"end":{"line":52,"column":40}},{"start":{"line":52,"column":44},"end":{"line":52,"column":46}}],"line":52},"7":{"loc":{"start":{"line":52,"column":64},"end":{"line":52,"column":136}},"type":"binary-expr","locations":[{"start":{"line":52,"column":64},"end":{"line":52,"column":102}},{"start":{"line":52,"column":106},"end":{"line":52,"column":136}}],"line":52},"8":{"loc":{"start":{"line":57,"column":4},"end":{"line":58,"column":28}},"type":"if","locations":[{"start":{"line":57,"column":4},"end":{"line":58,"column":28}},{"start":{"line":57,"column":4},"end":{"line":58,"column":28}}],"line":57},"9":{"loc":{"start":{"line":60,"column":18},"end":{"line":60,"column":59}},"type":"binary-expr","locations":[{"start":{"line":60,"column":18},"end":{"line":60,"column":43}},{"start":{"line":60,"column":47},"end":{"line":60,"column":59}}],"line":60}},"s":{"0":0,"1":0,"2":0,"3":0,"4":0,"5":0,"6":0,"7":0,"8":0,"9":0,"10":0,"11":0,"12":0,"13":0,"14":0,"15":0,"16":0,"17":0,"18":0,"19":0,"20":0},"f":{"0":0,"1":0,"2":0,"3":0},"b":{"0":[0,0,0],"1":[0,0],"2":[0,0,0],"3":[0],"4":[0],"5":[0,0],"6":[0,0],"7":[0,0],"8":[0,0],"9":[0,0]},"inputSourceMap":{"version":3,"file":"common.js","sourceRoot":"","sources":["../../src/common.ts"],"names":[],"mappings":";;AAMA,4BAoCC;AAED,wBAiBC;AAED,0BAKC;AApED,0CAA8C;AAC9C,2CAAsC;AAGtC,MAAM,UAAU,GAAG,iCAAiC,CAAC;AAErD,SAAgB,QAAQ,CAAC,GAAQ;IAC/B,OAAO;QACL,EAAE,EAAE,GAAG,CAAC,OAAO;QACf,KAAK,EAAE,GAAG,CAAC,QAAQ;QACnB,KAAK,EAAE,GAAG,CAAC,SAAS;QACpB,GAAG,EAAE,GAAG,CAAC,YAAY;QACrB,WAAW,EAAE,GAAG,CAAC,WAAW;QAC5B,IAAI,EAAE,GAAG,CAAC,aAAa,IAAI,GAAG,CAAC,aAAa,IAAI,GAAG,CAAC,YAAY;QAChE,MAAM,EAAE,GAAG,CAAC,MAAM;QAClB,QAAQ,EAAE,GAAG,CAAC,QAAQ;QACtB,YAAY,EAAE,GAAG,CAAC,gBAAgB;QAClC,cAAc,EAAE,GAAG,CAAC,cAAc;QAClC,aAAa,EAAE,GAAG,CAAC,qBAAqB;QACxC,SAAS,EAAE,GAAG,CAAC,kBAAkB;QACjC,IAAI,EAAE,GAAG,CAAC,aAAa;QACvB,iBAAiB,EAAE,GAAG,CAAC,gBAAgB;QACvC,QAAQ,EAAE,GAAG,CAAC,WAAW;QACzB,OAAO,EAAE,GAAG,CAAC,yBAAyB,IAAI,GAAG,CAAC,WAAW;QACzD,YAAY,EAAE,GAAG,CAAC,YAAY;QAC9B,OAAO,EAAE,GAAG,CAAC,OAAO;QACpB,KAAK,EAAE,GAAG,CAAC,KAAK;QAChB,QAAQ,EAAE,GAAG,CAAC,QAAQ;QACtB,IAAI,EAAE,GAAG,CAAC,KAAK,KAAK,CAAC,IAAI,GAAG,CAAC,KAAK,KAAK,GAAG,IAAI,GAAG,CAAC,cAAc,KAAK,MAAM;QAC3E,WAAW,EAAE,GAAG,CAAC,QAAQ;QACzB,SAAS,EAAE,GAAG,CAAC,UAAU;QACzB,YAAY,EAAE,GAAG,CAAC,aAAa;QAC/B,gBAAgB,EAAE,GAAG,CAAC,SAAS;QAC/B,KAAK,EAAE,GAAG,CAAC,iBAAiB;QAC5B,OAAO,EAAE,GAAG,CAAC,eAAe;QAC5B,mBAAmB,EAAE,GAAG,CAAC,kCAAkC;QAC3D,qBAAqB,EAAE,GAAG,CAAC,gCAAgC;QAC3D,WAAW,EAAE,GAAG,CAAC,cAAc;QAC/B,eAAe,EAAE,GAAG,CAAC,kBAAkB;QACvC,kBAAkB,EAAE,GAAG,CAAC,qBAAqB;QAC7C,gBAAgB,EAAE,GAAG,CAAC,gBAAgB;KAChC,CAAC;AACX,CAAC;AAEM,KAAK,UAAU,MAAM,CAC1B,GAA2B,EAC3B,UAA6B,IAAI,EACjC,OAAO,GAAG,IAAI,EACd,IAAa,EACb,cAAoB,EACpB,KAAc;IAEd,MAAM,SAAS,GAAG,IAAI,CAAC,CAAC,CAAC,SAAS,kBAAkB,CAAC,IAAI,CAAC,EAAE,CAAC,CAAC,CAAC,EAAE,CAAC;IAClE,MAAM,SAAS,GAAG,GAAG,CAAC,IAAI,CAAC,GAAG,CAAC,CAAC;IAChC,MAAM,GAAG,GAAG,GAAG,UAAU,IAAI,OAAO,IAAI,SAAS,YAAY,OAAO,mBAAmB,SAAS,EAAE,CAAC;IACnG,MAAM,IAAI,GAAG,MAAM,sBAAa,CAAC,OAAO,CAAC,GAAG,EAAE,EAAE,EAAE,cAAc,CAAC,CAAC;IAClE,MAAM,MAAM,GAAG,IAAI,CAAC,KAAK,CAAC,IAAI,CAAC,CAAC;IAChC,MAAM,YAAY,GAAG,CAAC,MAAM,CAAC,OAAO,IAAI,EAAE,CAAC,CAAC,MAAM,CAChD,CAAC,GAAQ,EAAE,EAAE,CAAC,OAAO,GAAG,CAAC,WAAW,KAAK,WAAW,IAAI,GAAG,CAAC,WAAW,KAAK,UAAU,CACvF,CAAC;IACF,OAAO,YAAY,CAAC,GAAG,CAAC,QAAQ,CAAC,CAAC;AACpC,CAAC;AAED,SAAgB,OAAO,CAAC,WAAoB;IAC1C,MAAM,YAAY,GAAG,QAAQ,CAAC;IAC9B,IAAI,CAAC,WAAW;QAAE,OAAO,YAAY,CAAC;IACtC,MAAM,IAAI,GAAG,WAAW,CAAC,WAAW,EAA0B,CAAC;IAC/D,OAAO,MAAM,CAAE,mBAAe,CAAC,IAAI,CAAC,IAAI,YAAY,CAAC,CAAC;AACxD,CAAC"},"all":true},"/mnt/c/Users/Guiguito/Documents/GitHub/app-store-scraper-ts/dist/cjs/constants.js":{"path":"/mnt/c/Users/Guiguito/Documents/GitHub/app-store-scraper-ts/dist/cjs/constants.js","statementMap":{"0":{"start":{"line":2,"column":0},"end":{"line":2,"column":62}},"1":{"start":{"line":3,"column":0},"end":{"line":3,"column":97}},"2":{"start":{"line":4,"column":0},"end":{"line":18,"column":2}},"3":{"start":{"line":19,"column":0},"end":{"line":90,"column":2}},"4":{"start":{"line":91,"column":0},"end":{"line":95,"column":2}},"5":{"start":{"line":96,"column":0},"end":{"line":99,"column":2}},"6":{"start":{"line":100,"column":0},"end":{"line":216,"column":2}}},"fnMap":{},"branchMap":{},"s":{"0":0,"1":0,"2":0,"3":0,"4":0,"5":0,"6":0},"f":{},"b":{},"inputSourceMap":{"version":3,"file":"constants.js","sourceRoot":"","sources":["../../src/constants.ts"],"names":[],"mappings":";;;AAAa,QAAA,UAAU,GAAG;IACxB,OAAO,EAAE,YAAY;IACrB,YAAY,EAAE,gBAAgB;IAC9B,gBAAgB,EAAE,oBAAoB;IACtC,YAAY,EAAE,gBAAgB;IAC9B,OAAO,EAAE,iBAAiB;IAC1B,YAAY,EAAE,qBAAqB;IACnC,YAAY,EAAE,qBAAqB;IACnC,YAAY,EAAE,qBAAqB;IACnC,aAAa,EAAE,yBAAyB;IACxC,gBAAgB,EAAE,yBAAyB;IAC3C,iBAAiB,EAAE,6BAA6B;IAChD,YAAY,EAAE,qBAAqB;IACnC,aAAa,EAAE,yBAAyB;CAChC,CAAC;AAEE,QAAA,QAAQ,GAAG;IACtB,KAAK,EAAE,IAAI;IACX,QAAQ,EAAE,IAAI;IACd,QAAQ,EAAE,IAAI;IACd,SAAS,EAAE,IAAI;IACf,aAAa,EAAE,IAAI;IACnB,OAAO,EAAE,IAAI;IACb,cAAc,EAAE,IAAI;IACpB,KAAK,EAAE,IAAI;IACX,YAAY,EAAE,IAAI;IAClB,eAAe,EAAE,IAAI;IACrB,YAAY,EAAE,IAAI;IAClB,WAAW,EAAE,IAAI;IACjB,UAAU,EAAE,IAAI;IAChB,YAAY,EAAE,IAAI;IAClB,UAAU,EAAE,IAAI;IAChB,iBAAiB,EAAE,IAAI;IACvB,YAAY,EAAE,IAAI;IAClB,WAAW,EAAE,IAAI;IACjB,YAAY,EAAE,IAAI;IAClB,YAAY,EAAE,IAAI;IAClB,kBAAkB,EAAE,IAAI;IACxB,gBAAgB,EAAE,IAAI;IACtB,YAAY,EAAE,IAAI;IAClB,cAAc,EAAE,IAAI;IACpB,YAAY,EAAE,IAAI;IAClB,UAAU,EAAE,IAAI;IAChB,kBAAkB,EAAE,IAAI;IACxB,SAAS,EAAE,IAAI;IACf,wBAAwB,EAAE,IAAI;IAC9B,cAAc,EAAE,KAAK;IACrB,oBAAoB,EAAE,KAAK;IAC3B,kBAAkB,EAAE,KAAK;IACzB,kBAAkB,EAAE,KAAK;IACzB,kBAAkB,EAAE,KAAK;IACzB,kBAAkB,EAAE,KAAK;IACzB,cAAc,EAAE,KAAK;IACrB,gBAAgB,EAAE,KAAK;IACvB,qBAAqB,EAAE,KAAK;IAC5B,uBAAuB,EAAE,KAAK;IAC9B,iBAAiB,EAAE,KAAK;IACxB,gBAAgB,EAAE,KAAK;IACvB,iBAAiB,EAAE,KAAK;IACxB,cAAc,EAAE,KAAK;IACrB,kBAAkB,EAAE,KAAK;IACzB,aAAa,EAAE,KAAK;IACpB,0BAA0B,EAAE,KAAK;IACjC,kBAAkB,EAAE,KAAK;IACzB,kBAAkB,EAAE,KAAK;IACzB,gBAAgB,EAAE,KAAK;IACvB,cAAc,EAAE,KAAK;IACrB,sBAAsB,EAAE,KAAK;IAC7B,kBAAkB,EAAE,KAAK;IACzB,iBAAiB,EAAE,KAAK;IACxB,gBAAgB,EAAE,KAAK;IACvB,eAAe,EAAE,KAAK;IACtB,gBAAgB,EAAE,KAAK;IACvB,eAAe,EAAE,KAAK;IACtB,OAAO,EAAE,IAAI;IACb,KAAK,EAAE,IAAI;IACX,UAAU,EAAE,IAAI;IAChB,IAAI,EAAE,IAAI;IACV,eAAe,EAAE,IAAI;IACrB,YAAY,EAAE,IAAI;IAClB,SAAS,EAAE,IAAI;IACf,QAAQ,EAAE,IAAI;IACd,iBAAiB,EAAE,IAAI;IACvB,MAAM,EAAE,IAAI;IACZ,MAAM,EAAE,IAAI;IACZ,SAAS,EAAE,IAAI;IACf,OAAO,EAAE,IAAI;CACL,CAAC;AAEE,QAAA,MAAM,GAAG;IACpB,IAAI,EAAE,cAAc;IACpB,GAAG,EAAE,aAAa;IAClB,GAAG,EAAE,UAAU;CACP,CAAC;AAEE,QAAA,IAAI,GAAG;IAClB,MAAM,EAAE,YAAY;IACpB,OAAO,EAAE,aAAa;CACd,CAAC;AAEE,QAAA,OAAO,GAAG;IACrB,EAAE,EAAE,MAAM;IACV,EAAE,EAAE,MAAM;IACV,EAAE,EAAE,MAAM;IACV,EAAE,EAAE,MAAM;IACV,EAAE,EAAE,MAAM;IACV,EAAE,EAAE,MAAM;IACV,EAAE,EAAE,MAAM;IACV,EAAE,EAAE,MAAM;IACV,EAAE,EAAE,MAAM;IACV,EAAE,EAAE,MAAM;IACV,EAAE,EAAE,MAAM;IACV,EAAE,EAAE,MAAM;IACV,EAAE,EAAE,MAAM;IACV,EAAE,EAAE,MAAM;IACV,EAAE,EAAE,MAAM;IACV,EAAE,EAAE,MAAM;IACV,EAAE,EAAE,MAAM;IACV,EAAE,EAAE,MAAM;IACV,EAAE,EAAE,MAAM;IACV,EAAE,EAAE,MAAM;IACV,EAAE,EAAE,MAAM;IACV,EAAE,EAAE,MAAM;IACV,EAAE,EAAE,MAAM;IACV,EAAE,EAAE,MAAM;IACV,EAAE,EAAE,MAAM;IACV,EAAE,EAAE,MAAM;IACV,EAAE,EAAE,MAAM;IACV,EAAE,EAAE,MAAM;IACV,EAAE,EAAE,MAAM;IACV,EAAE,EAAE,MAAM;IACV,EAAE,EAAE,MAAM;IACV,EAAE,EAAE,MAAM;IACV,EAAE,EAAE,MAAM;IACV,EAAE,EAAE,MAAM;IACV,EAAE,EAAE,MAAM;IACV,EAAE,EAAE,MAAM;IACV,EAAE,EAAE,MAAM;IACV,EAAE,EAAE,MAAM;IACV,EAAE,EAAE,MAAM;IACV,EAAE,EAAE,MAAM;IACV,EAAE,EAAE,MAAM;IACV,EAAE,EAAE,MAAM;IACV,EAAE,EAAE,MAAM;IACV,EAAE,EAAE,MAAM;IACV,EAAE,EAAE,MAAM;IACV,EAAE,EAAE,MAAM;IACV,EAAE,EAAE,MAAM;IACV,EAAE,EAAE,MAAM;IACV,EAAE,EAAE,MAAM;IACV,EAAE,EAAE,MAAM;IACV,EAAE,EAAE,MAAM;IACV,EAAE,EAAE,MAAM;IACV,EAAE,EAAE,MAAM;IACV,EAAE,EAAE,MAAM;IACV,EAAE,EAAE,MAAM;IACV,EAAE,EAAE,MAAM;IACV,EAAE,EAAE,MAAM;IACV,EAAE,EAAE,MAAM;IACV,EAAE,EAAE,MAAM;IACV,EAAE,EAAE,MAAM;IACV,EAAE,EAAE,MAAM;IACV,EAAE,EAAE,MAAM;IACV,EAAE,EAAE,MAAM;IACV,EAAE,EAAE,MAAM;IACV,EAAE,EAAE,MAAM;IACV,EAAE,EAAE,MAAM;IACV,EAAE,EAAE,MAAM;IACV,EAAE,EAAE,MAAM;IACV,EAAE,EAAE,MAAM;IACV,EAAE,EAAE,MAAM;IACV,EAAE,EAAE,MAAM;IACV,EAAE,EAAE,MAAM;IACV,EAAE,EAAE,MAAM;IACV,EAAE,EAAE,MAAM;IACV,EAAE,EAAE,MAAM;IACV,EAAE,EAAE,MAAM;IACV,EAAE,EAAE,MAAM;IACV,EAAE,EAAE,MAAM;IACV,EAAE,EAAE,MAAM;IACV,EAAE,EAAE,MAAM;IACV,EAAE,EAAE,MAAM;IACV,EAAE,EAAE,MAAM;IACV,EAAE,EAAE,MAAM;IACV,EAAE,EAAE,MAAM;IACV,EAAE,EAAE,MAAM;IACV,EAAE,EAAE,MAAM;IACV,EAAE,EAAE,MAAM;IACV,EAAE,EAAE,MAAM;IACV,EAAE,EAAE,MAAM;IACV,EAAE,EAAE,MAAM;IACV,EAAE,EAAE,MAAM;IACV,EAAE,EAAE,MAAM;IACV,EAAE,EAAE,MAAM;IACV,EAAE,EAAE,MAAM;IACV,EAAE,EAAE,MAAM;IACV,EAAE,EAAE,MAAM;IACV,EAAE,EAAE,MAAM;IACV,EAAE,EAAE,MAAM;IACV,EAAE,EAAE,MAAM;IACV,EAAE,EAAE,MAAM;IACV,EAAE,EAAE,MAAM;IACV,EAAE,EAAE,MAAM;IACV,EAAE,EAAE,MAAM;IACV,EAAE,EAAE,MAAM;IACV,EAAE,EAAE,MAAM;IACV,EAAE,EAAE,MAAM;IACV,EAAE,EAAE,MAAM;IACV,EAAE,EAAE,MAAM;IACV,EAAE,EAAE,MAAM;IACV,EAAE,EAAE,MAAM;IACV,EAAE,EAAE,MAAM;IACV,EAAE,EAAE,MAAM;IACV,EAAE,EAAE,MAAM;IACV,EAAE,EAAE,MAAM;IACV,EAAE,EAAE,MAAM;CACF,CAAC"},"all":true},"/mnt/c/Users/Guiguito/Documents/GitHub/app-store-scraper-ts/dist/cjs/errors.js":{"path":"/mnt/c/Users/Guiguito/Documents/GitHub/app-store-scraper-ts/dist/cjs/errors.js","statementMap":{"0":{"start":{"line":2,"column":0},"end":{"line":2,"column":62}},"1":{"start":{"line":3,"column":0},"end":{"line":3,"column":77}},"2":{"start":{"line":6,"column":8},"end":{"line":6,"column":47}},"3":{"start":{"line":7,"column":8},"end":{"line":7,"column":32}},"4":{"start":{"line":8,"column":8},"end":{"line":8,"column":37}},"5":{"start":{"line":9,"column":8},"end":{"line":9,"column":48}},"6":{"start":{"line":12,"column":0},"end":{"line":12,"column":30}},"7":{"start":{"line":15,"column":8},"end":{"line":15,"column":23}},"8":{"start":{"line":16,"column":8},"end":{"line":16,"column":36}},"9":{"start":{"line":19,"column":0},"end":{"line":19,"column":38}},"10":{"start":{"line":22,"column":8},"end":{"line":22,"column":23}},"11":{"start":{"line":23,"column":8},"end":{"line":23,"column":38}},"12":{"start":{"line":26,"column":0},"end":{"line":26,"column":42}}},"fnMap":{"0":{"name":"(anonymous_0)","decl":{"start":{"line":5,"column":4},"end":{"line":5,"column":5}},"loc":{"start":{"line":5,"column":46},"end":{"line":10,"column":5}},"line":5},"1":{"name":"(anonymous_1)","decl":{"start":{"line":14,"column":4},"end":{"line":14,"column":5}},"loc":{"start":{"line":14,"column":39},"end":{"line":17,"column":5}},"line":14},"2":{"name":"(anonymous_2)","decl":{"start":{"line":21,"column":4},"end":{"line":21,"column":5}},"loc":{"start":{"line":21,"column":25},"end":{"line":24,"column":5}},"line":21}},"branchMap":{"0":{"loc":{"start":{"line":6,"column":14},"end":{"line":6,"column":45}},"type":"binary-expr","locations":[{"start":{"line":6,"column":14},"end":{"line":6,"column":21}},{"start":{"line":6,"column":25},"end":{"line":6,"column":45}}],"line":6},"1":{"loc":{"start":{"line":14,"column":16},"end":{"line":14,"column":37}},"type":"default-arg","locations":[{"start":{"line":14,"column":26},"end":{"line":14,"column":37}}],"line":14}},"s":{"0":0,"1":0,"2":0,"3":0,"4":0,"5":0,"6":0,"7":0,"8":0,"9":0,"10":0,"11":0,"12":0},"f":{"0":0,"1":0,"2":0},"b":{"0":[0,0],"1":[0]},"inputSourceMap":{"version":3,"file":"errors.js","sourceRoot":"","sources":["../../src/errors.ts"],"names":[],"mappings":";;;AAAA,MAAa,SAAU,SAAQ,KAAK;IAGlC,YAAY,UAAkB,EAAE,OAAgB,EAAE,OAAgC;QAChF,KAAK,CAAC,OAAO,IAAI,QAAQ,UAAU,EAAE,CAAC,CAAC;QACvC,IAAI,CAAC,IAAI,GAAG,WAAW,CAAC;QACxB,IAAI,CAAC,UAAU,GAAG,UAAU,CAAC;QAC7B,IAAI,CAAC,QAAQ,GAAG,EAAE,UAAU,EAAE,OAAO,EAAE,CAAC;IAC1C,CAAC;CACF;AATD,8BASC;AAED,MAAa,aAAc,SAAQ,KAAK;IACtC,YAAY,OAAO,GAAG,WAAW;QAC/B,KAAK,CAAC,OAAO,CAAC,CAAC;QACf,IAAI,CAAC,IAAI,GAAG,eAAe,CAAC;IAC9B,CAAC;CACF;AALD,sCAKC;AAED,MAAa,eAAgB,SAAQ,KAAK;IACxC,YAAY,OAAe;QACzB,KAAK,CAAC,OAAO,CAAC,CAAC;QACf,IAAI,CAAC,IAAI,GAAG,iBAAiB,CAAC;IAChC,CAAC;CACF;AALD,0CAKC"},"all":true},"/mnt/c/Users/Guiguito/Documents/GitHub/app-store-scraper-ts/dist/cjs/http/client.js":{"path":"/mnt/c/Users/Guiguito/Documents/GitHub/app-store-scraper-ts/dist/cjs/http/client.js","statementMap":{"0":{"start":{"line":2,"column":22},"end":{"line":12,"column":3}},"1":{"start":{"line":3,"column":4},"end":{"line":3,"column":33}},"2":{"start":{"line":3,"column":26},"end":{"line":3,"column":33}},"3":{"start":{"line":4,"column":15},"end":{"line":4,"column":52}},"4":{"start":{"line":5,"column":4},"end":{"line":7,"column":5}},"5":{"start":{"line":6,"column":6},"end":{"line":6,"column":68}},"6":{"start":{"line":6,"column":51},"end":{"line":6,"column":63}},"7":{"start":{"line":8,"column":4},"end":{"line":8,"column":39}},"8":{"start":{"line":10,"column":4},"end":{"line":10,"column":33}},"9":{"start":{"line":10,"column":26},"end":{"line":10,"column":33}},"10":{"start":{"line":11,"column":4},"end":{"line":11,"column":17}},"11":{"start":{"line":13,"column":25},"end":{"line":17,"column":2}},"12":{"start":{"line":14,"column":4},"end":{"line":14,"column":72}},"13":{"start":{"line":16,"column":4},"end":{"line":16,"column":21}},"14":{"start":{"line":18,"column":19},"end":{"line":24,"column":1}},"15":{"start":{"line":19,"column":4},"end":{"line":19,"column":42}},"16":{"start":{"line":19,"column":31},"end":{"line":19,"column":42}},"17":{"start":{"line":20,"column":17},"end":{"line":20,"column":19}},"18":{"start":{"line":21,"column":4},"end":{"line":21,"column":141}},"19":{"start":{"line":21,"column":21},"end":{"line":21,"column":141}},"20":{"start":{"line":21,"column":40},"end":{"line":21,"column":141}},"21":{"start":{"line":21,"column":109},"end":{"line":21,"column":141}},"22":{"start":{"line":22,"column":4},"end":{"line":22,"column":36}},"23":{"start":{"line":23,"column":4},"end":{"line":23,"column":18}},"24":{"start":{"line":25,"column":0},"end":{"line":25,"column":62}},"25":{"start":{"line":26,"column":0},"end":{"line":26,"column":52}},"26":{"start":{"line":27,"column":0},"end":{"line":27,"column":48}},"27":{"start":{"line":30,"column":8},"end":{"line":30,"column":24}},"28":{"start":{"line":31,"column":8},"end":{"line":31,"column":64}},"29":{"start":{"line":32,"column":8},"end":{"line":32,"column":33}},"30":{"start":{"line":33,"column":8},"end":{"line":33,"column":45}},"31":{"start":{"line":34,"column":8},"end":{"line":34,"column":37}},"32":{"start":{"line":35,"column":8},"end":{"line":36,"column":34}},"33":{"start":{"line":36,"column":12},"end":{"line":36,"column":34}},"34":{"start":{"line":39,"column":8},"end":{"line":42,"column":36}},"35":{"start":{"line":40,"column":12},"end":{"line":40,"column":49}},"36":{"start":{"line":41,"column":12},"end":{"line":41,"column":25}},"37":{"start":{"line":45,"column":8},"end":{"line":49,"column":9}},"38":{"start":{"line":46,"column":12},"end":{"line":46,"column":26}},"39":{"start":{"line":47,"column":23},"end":{"line":47,"column":41}},"40":{"start":{"line":48,"column":12},"end":{"line":48,"column":17}},"41":{"start":{"line":52,"column":8},"end":{"line":53,"column":24}},"42":{"start":{"line":53,"column":12},"end":{"line":53,"column":24}},"43":{"start":{"line":54,"column":8},"end":{"line":58,"column":11}},"44":{"start":{"line":55,"column":25},"end":{"line":55,"column":57}},"45":{"start":{"line":55,"column":31},"end":{"line":55,"column":57}},"46":{"start":{"line":56,"column":12},"end":{"line":56,"column":34}},"47":{"start":{"line":57,"column":12},"end":{"line":57,"column":25}},"48":{"start":{"line":63,"column":8},"end":{"line":63,"column":67}},"49":{"start":{"line":64,"column":8},"end":{"line":68,"column":10}},"50":{"start":{"line":69,"column":8},"end":{"line":69,"column":49}},"51":{"start":{"line":70,"column":8},"end":{"line":70,"column":91}},"52":{"start":{"line":73,"column":8},"end":{"line":73,"column":35}},"53":{"start":{"line":76,"column":23},"end":{"line":76,"column":53}},"54":{"start":{"line":77,"column":30},"end":{"line":77,"column":79}},"55":{"start":{"line":78,"column":24},"end":{"line":151,"column":9}},"56":{"start":{"line":79,"column":31},"end":{"line":79,"column":52}},"57":{"start":{"line":80,"column":28},"end":{"line":80,"column":129}},"58":{"start":{"line":80,"column":72},"end":{"line":80,"column":90}},"59":{"start":{"line":81,"column":12},"end":{"line":150,"column":13}},"60":{"start":{"line":83,"column":33},"end":{"line":83,"column":42}},"61":{"start":{"line":84,"column":16},"end":{"line":92,"column":17}},"62":{"start":{"line":85,"column":20},"end":{"line":91,"column":29}},"63":{"start":{"line":86,"column":39},"end":{"line":86,"column":106}},"64":{"start":{"line":86,"column":74},"end":{"line":86,"column":105}},"65":{"start":{"line":87,"column":43},"end":{"line":87,"column":60}},"66":{"start":{"line":88,"column":24},"end":{"line":89,"column":71}},"67":{"start":{"line":89,"column":28},"end":{"line":89,"column":71}},"68":{"start":{"line":93,"column":28},"end":{"line":100,"column":18}},"69":{"start":{"line":102,"column":16},"end":{"line":119,"column":17}},"70":{"start":{"line":103,"column":39},"end":{"line":103,"column":41}},"71":{"start":{"line":104,"column":20},"end":{"line":116,"column":21}},"72":{"start":{"line":106,"column":24},"end":{"line":107,"column":75}},"73":{"start":{"line":107,"column":28},"end":{"line":107,"column":75}},"74":{"start":{"line":110,"column":24},"end":{"line":115,"column":33}},"75":{"start":{"line":111,"column":38},"end":{"line":111,"column":49}},"76":{"start":{"line":112,"column":28},"end":{"line":113,"column":103}},"77":{"start":{"line":113,"column":32},"end":{"line":113,"column":103}},"78":{"start":{"line":113,"column":53},"end":{"line":113,"column":100}},"79":{"start":{"line":117,"column":42},"end":{"line":117,"column":112}},"80":{"start":{"line":117,"column":77},"end":{"line":117,"column":111}},"81":{"start":{"line":118,"column":20},"end":{"line":118,"column":75}},"82":{"start":{"line":120,"column":16},"end":{"line":120,"column":40}},"83":{"start":{"line":123,"column":31},"end":{"line":123,"column":75}},"84":{"start":{"line":124,"column":36},"end":{"line":124,"column":115}},"85":{"start":{"line":125,"column":16},"end":{"line":126,"column":30}},"86":{"start":{"line":126,"column":20},"end":{"line":126,"column":30}},"87":{"start":{"line":129,"column":32},"end":{"line":129,"column":54}},"88":{"start":{"line":130,"column":27},"end":{"line":130,"column":79}},"89":{"start":{"line":131,"column":16},"end":{"line":140,"column":17}},"90":{"start":{"line":132,"column":33},"end":{"line":132,"column":43}},"91":{"start":{"line":133,"column":20},"end":{"line":139,"column":21}},"92":{"start":{"line":134,"column":24},"end":{"line":134,"column":51}},"93":{"start":{"line":136,"column":38},"end":{"line":136,"column":52}},"94":{"start":{"line":137,"column":24},"end":{"line":138,"column":75}},"95":{"start":{"line":138,"column":28},"end":{"line":138,"column":75}},"96":{"start":{"line":141,"column":31},"end":{"line":141,"column":62}},"97":{"start":{"line":142,"column":35},"end":{"line":142,"column":90}},"98":{"start":{"line":143,"column":32},"end":{"line":143,"column":91}},"99":{"start":{"line":144,"column":16},"end":{"line":144,"column":65}},"100":{"start":{"line":144,"column":41},"end":{"line":144,"column":63}},"101":{"start":{"line":145,"column":16},"end":{"line":145,"column":46}},"102":{"start":{"line":148,"column":16},"end":{"line":149,"column":42}},"103":{"start":{"line":149,"column":20},"end":{"line":149,"column":42}},"104":{"start":{"line":152,"column":8},"end":{"line":152,"column":50}},"105":{"start":{"line":152,"column":38},"end":{"line":152,"column":48}},"106":{"start":{"line":155,"column":0},"end":{"line":155,"column":32}},"107":{"start":{"line":156,"column":0},"end":{"line":156,"column":41}},"108":{"start":{"line":159,"column":4},"end":{"line":159,"column":50}}},"fnMap":{"0":{"name":"(anonymous_0)","decl":{"start":{"line":2,"column":74},"end":{"line":2,"column":75}},"loc":{"start":{"line":2,"column":96},"end":{"line":9,"column":1}},"line":2},"1":{"name":"(anonymous_1)","decl":{"start":{"line":6,"column":38},"end":{"line":6,"column":39}},"loc":{"start":{"line":6,"column":49},"end":{"line":6,"column":65}},"line":6},"2":{"name":"(anonymous_2)","decl":{"start":{"line":9,"column":6},"end":{"line":9,"column":7}},"loc":{"start":{"line":9,"column":28},"end":{"line":12,"column":1}},"line":9},"3":{"name":"(anonymous_3)","decl":{"start":{"line":13,"column":80},"end":{"line":13,"column":81}},"loc":{"start":{"line":13,"column":95},"end":{"line":15,"column":1}},"line":13},"4":{"name":"(anonymous_4)","decl":{"start":{"line":15,"column":5},"end":{"line":15,"column":6}},"loc":{"start":{"line":15,"column":20},"end":{"line":17,"column":1}},"line":15},"5":{"name":"(anonymous_5)","decl":{"start":{"line":18,"column":50},"end":{"line":18,"column":51}},"loc":{"start":{"line":18,"column":65},"end":{"line":24,"column":1}},"line":18},"6":{"name":"(anonymous_6)","decl":{"start":{"line":29,"column":4},"end":{"line":29,"column":5}},"loc":{"start":{"line":29,"column":56},"end":{"line":37,"column":5}},"line":29},"7":{"name":"(anonymous_7)","decl":{"start":{"line":38,"column":4},"end":{"line":38,"column":5}},"loc":{"start":{"line":38,"column":21},"end":{"line":43,"column":5}},"line":38},"8":{"name":"(anonymous_8)","decl":{"start":{"line":39,"column":20},"end":{"line":39,"column":21}},"loc":{"start":{"line":39,"column":26},"end":{"line":42,"column":9}},"line":39},"9":{"name":"(anonymous_9)","decl":{"start":{"line":44,"column":4},"end":{"line":44,"column":5}},"loc":{"start":{"line":44,"column":12},"end":{"line":50,"column":5}},"line":44},"10":{"name":"(anonymous_10)","decl":{"start":{"line":51,"column":4},"end":{"line":51,"column":5}},"loc":{"start":{"line":51,"column":12},"end":{"line":59,"column":5}},"line":51},"11":{"name":"(anonymous_11)","decl":{"start":{"line":54,"column":27},"end":{"line":54,"column":28}},"loc":{"start":{"line":54,"column":48},"end":{"line":58,"column":9}},"line":54},"12":{"name":"(anonymous_12)","decl":{"start":{"line":55,"column":25},"end":{"line":55,"column":26}},"loc":{"start":{"line":55,"column":31},"end":{"line":55,"column":57}},"line":55},"13":{"name":"(anonymous_13)","decl":{"start":{"line":62,"column":4},"end":{"line":62,"column":5}},"loc":{"start":{"line":62,"column":27},"end":{"line":71,"column":5}},"line":62},"14":{"name":"(anonymous_14)","decl":{"start":{"line":72,"column":4},"end":{"line":72,"column":5}},"loc":{"start":{"line":72,"column":28},"end":{"line":74,"column":5}},"line":72},"15":{"name":"(anonymous_15)","decl":{"start":{"line":75,"column":4},"end":{"line":75,"column":5}},"loc":{"start":{"line":75,"column":58},"end":{"line":153,"column":5}},"line":75},"16":{"name":"(anonymous_16)","decl":{"start":{"line":78,"column":24},"end":{"line":78,"column":25}},"loc":{"start":{"line":78,"column":45},"end":{"line":151,"column":9}},"line":78},"17":{"name":"(anonymous_17)","decl":{"start":{"line":80,"column":66},"end":{"line":80,"column":67}},"loc":{"start":{"line":80,"column":72},"end":{"line":80,"column":90}},"line":80},"18":{"name":"(anonymous_18)","decl":{"start":{"line":86,"column":68},"end":{"line":86,"column":69}},"loc":{"start":{"line":86,"column":74},"end":{"line":86,"column":105}},"line":86},"19":{"name":"(anonymous_19)","decl":{"start":{"line":113,"column":42},"end":{"line":113,"column":43}},"loc":{"start":{"line":113,"column":53},"end":{"line":113,"column":100}},"line":113},"20":{"name":"(anonymous_20)","decl":{"start":{"line":117,"column":71},"end":{"line":117,"column":72}},"loc":{"start":{"line":117,"column":77},"end":{"line":117,"column":111}},"line":117},"21":{"name":"(anonymous_21)","decl":{"start":{"line":144,"column":34},"end":{"line":144,"column":35}},"loc":{"start":{"line":144,"column":41},"end":{"line":144,"column":63}},"line":144},"22":{"name":"(anonymous_22)","decl":{"start":{"line":152,"column":32},"end":{"line":152,"column":33}},"loc":{"start":{"line":152,"column":38},"end":{"line":152,"column":48}},"line":152},"23":{"name":"__setFetchForTests","decl":{"start":{"line":158,"column":9},"end":{"line":158,"column":27}},"loc":{"start":{"line":158,"column":39},"end":{"line":160,"column":1}},"line":158}},"branchMap":{"0":{"loc":{"start":{"line":2,"column":22},"end":{"line":12,"column":3}},"type":"binary-expr","locations":[{"start":{"line":2,"column":23},"end":{"line":2,"column":27}},{"start":{"line":2,"column":31},"end":{"line":2,"column":51}},{"start":{"line":2,"column":57},"end":{"line":12,"column":2}}],"line":2},"1":{"loc":{"start":{"line":2,"column":57},"end":{"line":12,"column":2}},"type":"cond-expr","locations":[{"start":{"line":2,"column":74},"end":{"line":9,"column":1}},{"start":{"line":9,"column":6},"end":{"line":12,"column":1}}],"line":2},"2":{"loc":{"start":{"line":3,"column":4},"end":{"line":3,"column":33}},"type":"if","locations":[{"start":{"line":3,"column":4},"end":{"line":3,"column":33}},{"start":{"line":3,"column":4},"end":{"line":3,"column":33}}],"line":3},"3":{"loc":{"start":{"line":5,"column":4},"end":{"line":7,"column":5}},"type":"if","locations":[{"start":{"line":5,"column":4},"end":{"line":7,"column":5}},{"start":{"line":5,"column":4},"end":{"line":7,"column":5}}],"line":5},"4":{"loc":{"start":{"line":5,"column":8},"end":{"line":5,"column":85}},"type":"binary-expr","locations":[{"start":{"line":5,"column":8},"end":{"line":5,"column":13}},{"start":{"line":5,"column":18},"end":{"line":5,"column":84}}],"line":5},"5":{"loc":{"start":{"line":5,"column":18},"end":{"line":5,"column":84}},"type":"cond-expr","locations":[{"start":{"line":5,"column":34},"end":{"line":5,"column":47}},{"start":{"line":5,"column":50},"end":{"line":5,"column":84}}],"line":5},"6":{"loc":{"start":{"line":5,"column":50},"end":{"line":5,"column":84}},"type":"binary-expr","locations":[{"start":{"line":5,"column":50},"end":{"line":5,"column":63}},{"start":{"line":5,"column":67},"end":{"line":5,"column":84}}],"line":5},"7":{"loc":{"start":{"line":10,"column":4},"end":{"line":10,"column":33}},"type":"if","locations":[{"start":{"line":10,"column":4},"end":{"line":10,"column":33}},{"start":{"line":10,"column":4},"end":{"line":10,"column":33}}],"line":10},"8":{"loc":{"start":{"line":13,"column":25},"end":{"line":17,"column":2}},"type":"binary-expr","locations":[{"start":{"line":13,"column":26},"end":{"line":13,"column":30}},{"start":{"line":13,"column":34},"end":{"line":13,"column":57}},{"start":{"line":13,"column":63},"end":{"line":17,"column":1}}],"line":13},"9":{"loc":{"start":{"line":13,"column":63},"end":{"line":17,"column":1}},"type":"cond-expr","locations":[{"start":{"line":13,"column":80},"end":{"line":15,"column":1}},{"start":{"line":15,"column":5},"end":{"line":17,"column":1}}],"line":13},"10":{"loc":{"start":{"line":18,"column":19},"end":{"line":24,"column":1}},"type":"binary-expr","locations":[{"start":{"line":18,"column":20},"end":{"line":18,"column":24}},{"start":{"line":18,"column":28},"end":{"line":18,"column":45}},{"start":{"line":18,"column":50},"end":{"line":24,"column":1}}],"line":18},"11":{"loc":{"start":{"line":19,"column":4},"end":{"line":19,"column":42}},"type":"if","locations":[{"start":{"line":19,"column":4},"end":{"line":19,"column":42}},{"start":{"line":19,"column":4},"end":{"line":19,"column":42}}],"line":19},"12":{"loc":{"start":{"line":19,"column":8},"end":{"line":19,"column":29}},"type":"binary-expr","locations":[{"start":{"line":19,"column":8},"end":{"line":19,"column":11}},{"start":{"line":19,"column":15},"end":{"line":19,"column":29}}],"line":19},"13":{"loc":{"start":{"line":21,"column":4},"end":{"line":21,"column":141}},"type":"if","locations":[{"start":{"line":21,"column":4},"end":{"line":21,"column":141}},{"start":{"line":21,"column":4},"end":{"line":21,"column":141}}],"line":21},"14":{"loc":{"start":{"line":21,"column":40},"end":{"line":21,"column":141}},"type":"if","locations":[{"start":{"line":21,"column":40},"end":{"line":21,"column":141}},{"start":{"line":21,"column":40},"end":{"line":21,"column":141}}],"line":21},"15":{"loc":{"start":{"line":21,"column":44},"end":{"line":21,"column":107}},"type":"binary-expr","locations":[{"start":{"line":21,"column":44},"end":{"line":21,"column":59}},{"start":{"line":21,"column":63},"end":{"line":21,"column":107}}],"line":21},"16":{"loc":{"start":{"line":29,"column":16},"end":{"line":29,"column":37}},"type":"default-arg","locations":[{"start":{"line":29,"column":36},"end":{"line":29,"column":37}}],"line":29},"17":{"loc":{"start":{"line":29,"column":39},"end":{"line":29,"column":54}},"type":"default-arg","locations":[{"start":{"line":29,"column":50},"end":{"line":29,"column":54}}],"line":29},"18":{"loc":{"start":{"line":35,"column":8},"end":{"line":36,"column":34}},"type":"if","locations":[{"start":{"line":35,"column":8},"end":{"line":36,"column":34}},{"start":{"line":35,"column":8},"end":{"line":36,"column":34}}],"line":35},"19":{"loc":{"start":{"line":45,"column":15},"end":{"line":45,"column":55}},"type":"binary-expr","locations":[{"start":{"line":45,"column":15},"end":{"line":45,"column":30}},{"start":{"line":45,"column":34},"end":{"line":45,"column":55}}],"line":45},"20":{"loc":{"start":{"line":52,"column":8},"end":{"line":53,"column":24}},"type":"if","locations":[{"start":{"line":52,"column":8},"end":{"line":53,"column":24}},{"start":{"line":52,"column":8},"end":{"line":53,"column":24}}],"line":52},"21":{"loc":{"start":{"line":62,"column":16},"end":{"line":62,"column":25}},"type":"default-arg","locations":[{"start":{"line":62,"column":23},"end":{"line":62,"column":25}}],"line":62},"22":{"loc":{"start":{"line":63,"column":39},"end":{"line":63,"column":59}},"type":"binary-expr","locations":[{"start":{"line":63,"column":39},"end":{"line":63,"column":54}},{"start":{"line":63,"column":58},"end":{"line":63,"column":59}}],"line":63},"23":{"loc":{"start":{"line":65,"column":21},"end":{"line":65,"column":45}},"type":"binary-expr","locations":[{"start":{"line":65,"column":21},"end":{"line":65,"column":40}},{"start":{"line":65,"column":44},"end":{"line":65,"column":45}}],"line":65},"24":{"loc":{"start":{"line":66,"column":24},"end":{"line":66,"column":53}},"type":"binary-expr","locations":[{"start":{"line":66,"column":24},"end":{"line":66,"column":46}},{"start":{"line":66,"column":50},"end":{"line":66,"column":53}}],"line":66},"25":{"loc":{"start":{"line":67,"column":24},"end":{"line":67,"column":54}},"type":"binary-expr","locations":[{"start":{"line":67,"column":24},"end":{"line":67,"column":46}},{"start":{"line":67,"column":50},"end":{"line":67,"column":54}}],"line":67},"26":{"loc":{"start":{"line":69,"column":25},"end":{"line":69,"column":48}},"type":"binary-expr","locations":[{"start":{"line":69,"column":25},"end":{"line":69,"column":39}},{"start":{"line":69,"column":43},"end":{"line":69,"column":48}}],"line":69},"27":{"loc":{"start":{"line":70,"column":24},"end":{"line":70,"column":90}},"type":"binary-expr","locations":[{"start":{"line":70,"column":24},"end":{"line":70,"column":37}},{"start":{"line":70,"column":41},"end":{"line":70,"column":64}},{"start":{"line":70,"column":68},"end":{"line":70,"column":90}}],"line":70},"28":{"loc":{"start":{"line":75,"column":23},"end":{"line":75,"column":35}},"type":"default-arg","locations":[{"start":{"line":75,"column":33},"end":{"line":75,"column":35}}],"line":75},"29":{"loc":{"start":{"line":75,"column":37},"end":{"line":75,"column":56}},"type":"default-arg","locations":[{"start":{"line":75,"column":54},"end":{"line":75,"column":56}}],"line":75},"30":{"loc":{"start":{"line":76,"column":23},"end":{"line":76,"column":53}},"type":"binary-expr","locations":[{"start":{"line":76,"column":23},"end":{"line":76,"column":44}},{"start":{"line":76,"column":48},"end":{"line":76,"column":53}}],"line":76},"31":{"loc":{"start":{"line":77,"column":36},"end":{"line":77,"column":64}},"type":"binary-expr","locations":[{"start":{"line":77,"column":36},"end":{"line":77,"column":58}},{"start":{"line":77,"column":62},"end":{"line":77,"column":64}}],"line":77},"32":{"loc":{"start":{"line":80,"column":28},"end":{"line":80,"column":129}},"type":"cond-expr","locations":[{"start":{"line":80,"column":55},"end":{"line":80,"column":117}},{"start":{"line":80,"column":120},"end":{"line":80,"column":129}}],"line":80},"33":{"loc":{"start":{"line":84,"column":16},"end":{"line":92,"column":17}},"type":"if","locations":[{"start":{"line":84,"column":16},"end":{"line":92,"column":17}},{"start":{"line":84,"column":16},"end":{"line":92,"column":17}}],"line":84},"34":{"loc":{"start":{"line":88,"column":24},"end":{"line":89,"column":71}},"type":"if","locations":[{"start":{"line":88,"column":24},"end":{"line":89,"column":71}},{"start":{"line":88,"column":24},"end":{"line":89,"column":71}}],"line":88},"35":{"loc":{"start":{"line":102,"column":16},"end":{"line":119,"column":17}},"type":"if","locations":[{"start":{"line":102,"column":16},"end":{"line":119,"column":17}},{"start":{"line":102,"column":16},"end":{"line":119,"column":17}}],"line":102},"36":{"loc":{"start":{"line":106,"column":45},"end":{"line":106,"column":62}},"type":"binary-expr","locations":[{"start":{"line":106,"column":45},"end":{"line":106,"column":56}},{"start":{"line":106,"column":60},"end":{"line":106,"column":62}}],"line":106},"37":{"loc":{"start":{"line":107,"column":39},"end":{"line":107,"column":61}},"type":"binary-expr","locations":[{"start":{"line":107,"column":39},"end":{"line":107,"column":56}},{"start":{"line":107,"column":60},"end":{"line":107,"column":61}}],"line":107},"38":{"loc":{"start":{"line":112,"column":28},"end":{"line":113,"column":103}},"type":"if","locations":[{"start":{"line":112,"column":28},"end":{"line":113,"column":103}},{"start":{"line":112,"column":28},"end":{"line":113,"column":103}}],"line":112},"39":{"loc":{"start":{"line":123,"column":31},"end":{"line":123,"column":75}},"type":"binary-expr","locations":[{"start":{"line":123,"column":31},"end":{"line":123,"column":56}},{"start":{"line":123,"column":60},"end":{"line":123,"column":75}}],"line":123},"40":{"loc":{"start":{"line":124,"column":36},"end":{"line":124,"column":115}},"type":"binary-expr","locations":[{"start":{"line":124,"column":36},"end":{"line":124,"column":50}},{"start":{"line":124,"column":55},"end":{"line":124,"column":68}},{"start":{"line":124,"column":72},"end":{"line":124,"column":84}},{"start":{"line":124,"column":89},"end":{"line":124,"column":115}}],"line":124},"41":{"loc":{"start":{"line":125,"column":16},"end":{"line":126,"column":30}},"type":"if","locations":[{"start":{"line":125,"column":16},"end":{"line":126,"column":30}},{"start":{"line":125,"column":16},"end":{"line":126,"column":30}}],"line":125},"42":{"loc":{"start":{"line":125,"column":20},"end":{"line":125,"column":73}},"type":"binary-expr","locations":[{"start":{"line":125,"column":20},"end":{"line":125,"column":57}},{"start":{"line":125,"column":61},"end":{"line":125,"column":73}}],"line":125},"43":{"loc":{"start":{"line":130,"column":27},"end":{"line":130,"column":79}},"type":"binary-expr","locations":[{"start":{"line":130,"column":27},"end":{"line":130,"column":51}},{"start":{"line":130,"column":55},"end":{"line":130,"column":79}}],"line":130},"44":{"loc":{"start":{"line":131,"column":16},"end":{"line":140,"column":17}},"type":"if","locations":[{"start":{"line":131,"column":16},"end":{"line":140,"column":17}},{"start":{"line":131,"column":16},"end":{"line":140,"column":17}}],"line":131},"45":{"loc":{"start":{"line":133,"column":20},"end":{"line":139,"column":21}},"type":"if","locations":[{"start":{"line":133,"column":20},"end":{"line":139,"column":21}},{"start":{"line":133,"column":20},"end":{"line":139,"column":21}}],"line":133},"46":{"loc":{"start":{"line":137,"column":24},"end":{"line":138,"column":75}},"type":"if","locations":[{"start":{"line":137,"column":24},"end":{"line":138,"column":75}},{"start":{"line":137,"column":24},"end":{"line":138,"column":75}}],"line":137},"47":{"loc":{"start":{"line":143,"column":64},"end":{"line":143,"column":90}},"type":"binary-expr","locations":[{"start":{"line":143,"column":64},"end":{"line":143,"column":76}},{"start":{"line":143,"column":80},"end":{"line":143,"column":90}}],"line":143},"48":{"loc":{"start":{"line":148,"column":16},"end":{"line":149,"column":42}},"type":"if","locations":[{"start":{"line":148,"column":16},"end":{"line":149,"column":42}},{"start":{"line":148,"column":16},"end":{"line":149,"column":42}}],"line":148}},"s":{"0":0,"1":0,"2":0,"3":0,"4":0,"5":0,"6":0,"7":0,"8":0,"9":0,"10":0,"11":0,"12":0,"13":0,"14":0,"15":0,"16":0,"17":0,"18":0,"19":0,"20":0,"21":0,"22":0,"23":0,"24":0,"25":0,"26":0,"27":0,"28":0,"29":0,"30":0,"31":0,"32":0,"33":0,"34":0,"35":0,"36":0,"37":0,"38":0,"39":0,"40":0,"41":0,"42":0,"43":0,"44":0,"45":0,"46":0,"47":0,"48":0,"49":0,"50":0,"51":0,"52":0,"53":0,"54":0,"55":0,"56":0,"57":0,"58":0,"59":0,"60":0,"61":0,"62":0,"63":0,"64":0,"65":0,"66":0,"67":0,"68":0,"69":0,"70":0,"71":0,"72":0,"73":0,"74":0,"75":0,"76":0,"77":0,"78":0,"79":0,"80":0,"81":0,"82":0,"83":0,"84":0,"85":0,"86":0,"87":0,"88":0,"89":0,"90":0,"91":0,"92":0,"93":0,"94":0,"95":0,"96":0,"97":0,"98":0,"99":0,"100":0,"101":0,"102":0,"103":0,"104":0,"105":0,"106":0,"107":0,"108":0},"f":{"0":0,"1":0,"2":0,"3":0,"4":0,"5":0,"6":0,"7":0,"8":0,"9":0,"10":0,"11":0,"12":0,"13":0,"14":0,"15":0,"16":0,"17":0,"18":0,"19":0,"20":0,"21":0,"22":0,"23":0},"b":{"0":[0,0,0],"1":[0,0],"2":[0,0],"3":[0,0],"4":[0,0],"5":[0,0],"6":[0,0],"7":[0,0],"8":[0,0,0],"9":[0,0],"10":[0,0,0],"11":[0,0],"12":[0,0],"13":[0,0],"14":[0,0],"15":[0,0],"16":[0],"17":[0],"18":[0,0],"19":[0,0],"20":[0,0],"21":[0],"22":[0,0],"23":[0,0],"24":[0,0],"25":[0,0],"26":[0,0],"27":[0,0,0],"28":[0],"29":[0],"30":[0,0],"31":[0,0],"32":[0,0],"33":[0,0],"34":[0,0],"35":[0,0],"36":[0,0],"37":[0,0],"38":[0,0],"39":[0,0],"40":[0,0,0,0],"41":[0,0],"42":[0,0],"43":[0,0],"44":[0,0],"45":[0,0],"46":[0,0],"47":[0,0],"48":[0,0]},"inputSourceMap":{"version":3,"file":"client.js","sourceRoot":"","sources":["../../../src/http/client.ts"],"names":[],"mappings":";;;;;;;;;;;;;;;;;;;;;;;;;;AAiKA,gDAEC;AAzJD,MAAM,WAAW;IAOf,YAAY,iBAAiB,GAAG,CAAC,EAAE,QAAQ,GAAG,IAAI;QAJ1C,UAAK,GAAsB,EAAE,CAAC;QAKpC,IAAI,CAAC,iBAAiB,GAAG,IAAI,CAAC,GAAG,CAAC,CAAC,EAAE,iBAAiB,CAAC,CAAC;QACxD,IAAI,CAAC,QAAQ,GAAG,QAAQ,CAAC;QACzB,IAAI,CAAC,MAAM,GAAG,IAAI,CAAC,iBAAiB,CAAC;QACrC,IAAI,CAAC,UAAU,GAAG,IAAI,CAAC,GAAG,EAAE,CAAC;QAC7B,IAAI,IAAI,CAAC,iBAAiB,GAAG,CAAC;YAAE,IAAI,CAAC,cAAc,EAAE,CAAC;IACxD,CAAC;IAEO,cAAc;QACpB,WAAW,CAAC,GAAG,EAAE;YACf,IAAI,CAAC,MAAM,GAAG,IAAI,CAAC,iBAAiB,CAAC;YACrC,IAAI,CAAC,KAAK,EAAE,CAAC;QACf,CAAC,EAAE,IAAI,CAAC,QAAQ,CAAC,CAAC,KAAK,EAAE,EAAE,CAAC;IAC9B,CAAC;IAEO,KAAK;QACX,OAAO,IAAI,CAAC,MAAM,GAAG,CAAC,IAAI,IAAI,CAAC,KAAK,CAAC,MAAM,GAAG,CAAC,EAAE,CAAC;YAChD,IAAI,CAAC,MAAM,EAAE,CAAC;YACd,MAAM,EAAE,GAAG,IAAI,CAAC,KAAK,CAAC,KAAK,EAAG,CAAC;YAC/B,EAAE,EAAE,CAAC;QACP,CAAC;IACH,CAAC;IAED,GAAG,CAAI,EAAoB;QACzB,IAAI,IAAI,CAAC,iBAAiB,IAAI,CAAC;YAAE,OAAO,EAAE,EAAE,CAAC;QAC7C,OAAO,IAAI,OAAO,CAAI,CAAC,OAAO,EAAE,MAAM,EAAE,EAAE;YACxC,MAAM,IAAI,GAAG,GAAG,EAAE,CAAC,EAAE,EAAE,CAAC,IAAI,CAAC,OAAO,EAAE,MAAM,CAAC,CAAC;YAC9C,IAAI,CAAC,KAAK,CAAC,IAAI,CAAC,IAAI,CAAC,CAAC;YACtB,IAAI,CAAC,KAAK,EAAE,CAAC;QACf,CAAC,CAAC,CAAC;IACL,CAAC;CACF;AAeD,MAAa,UAAU;IAMrB,YAAY,OAAsB,EAAE;QAClC,IAAI,CAAC,OAAO,GAAG,IAAI,WAAW,CAAC,IAAI,CAAC,UAAU,IAAI,CAAC,EAAE,IAAI,CAAC,CAAC;QAC3D,IAAI,CAAC,KAAK,GAAG;YACX,OAAO,EAAE,IAAI,CAAC,KAAK,EAAE,OAAO,IAAI,CAAC;YACjC,UAAU,EAAE,IAAI,CAAC,KAAK,EAAE,UAAU,IAAI,GAAG;YACzC,UAAU,EAAE,IAAI,CAAC,KAAK,EAAE,UAAU,IAAI,IAAI;SAC3C,CAAC;QACF,IAAI,CAAC,SAAS,GAAG,IAAI,CAAC,SAAS,IAAI,KAAK,CAAC;QACzC,IAAI,CAAC,QAAQ,GAAG,IAAI,CAAC,QAAQ,IAAI,OAAO,CAAC,GAAG,CAAC,WAAW,IAAI,OAAO,CAAC,GAAG,CAAC,UAAU,CAAC;IACrF,CAAC;IAED,YAAY,CAAC,SAAoB;QAC/B,IAAI,CAAC,SAAS,GAAG,SAAS,CAAC;IAC7B,CAAC;IAED,KAAK,CAAC,OAAO,CAAC,GAAW,EAAE,UAAkC,EAAE,EAAE,iBAAiC,EAAE;QAClG,MAAM,MAAM,GAAG,cAAc,CAAC,MAAM,IAAI,KAAK,CAAC;QAC9C,MAAM,aAAa,GAAG,EAAE,GAAG,CAAC,cAAc,CAAC,OAAO,IAAI,EAAE,CAAC,EAAE,GAAG,OAAO,EAAE,CAAC;QAExE,MAAM,OAAO,GAAG,KAAK,EAAE,SAAiB,EAAmB,EAAE;YAC3D,MAAM,UAAU,GAAG,IAAI,eAAe,EAAE,CAAC;YACzC,MAAM,OAAO,GAAG,cAAc,CAAC,SAAS,CAAC,CAAC,CAAC,UAAU,CAAC,GAAG,EAAE,CAAC,UAAU,CAAC,KAAK,EAAE,EAAE,cAAc,CAAC,SAAS,CAAC,CAAC,CAAC,CAAC,SAAS,CAAC;YAEtH,IAAI,CAAC;gBACH,+DAA+D;gBAC/D,IAAI,UAAU,GAAQ,SAAS,CAAC;gBAChC,IAAI,IAAI,CAAC,QAAQ,EAAE,CAAC;oBAClB,IAAI,CAAC;wBACH,MAAM,MAAM,GAAG,wDAAa,QAAQ,GAAC,CAAC;wBACtC,MAAM,UAAU,GAAI,MAAc,CAAC,UAAU,CAAC;wBAC9C,IAAI,UAAU;4BAAE,UAAU,GAAG,IAAI,UAAU,CAAC,IAAI,CAAC,QAAQ,CAAC,CAAC;oBAC7D,CAAC;oBAAC,MAAM,CAAC,CAAA,CAAC;gBACZ,CAAC;gBAED,MAAM,GAAG,GAAG,MAAM,IAAI,CAAC,SAAS,CAAC,GAAG,EAAE;oBACpC,MAAM;oBACN,OAAO,EAAE,aAAa;oBACtB,IAAI,EAAE,cAAc,CAAC,IAAI;oBACzB,MAAM,EAAE,UAAU,CAAC,MAAM;oBACzB,iFAAiF;oBACjF,UAAU;iBACI,CAAC,CAAC;gBAElB,+DAA+D;gBAC/D,IAAI,CAAC,GAAG,CAAC,EAAE,EAAE,CAAC;oBACZ,MAAM,UAAU,GAA2B,EAAE,CAAC;oBAC9C,IAAI,CAAC;wBACH,qEAAqE;wBACrE,KAAK,MAAM,CAAC,CAAC,EAAE,CAAC,CAAC,IAAK,GAAG,CAAC,OAAe,IAAI,EAAE;4BAAE,UAAU,CAAC,CAAC,CAAC,WAAW,EAAE,EAAE,IAAI,CAAC,CAAC,GAAG,MAAM,CAAC,CAAC,CAAC,CAAC;oBAClG,CAAC;oBAAC,MAAM,CAAC;wBACP,IAAI,CAAC;4BACH,MAAM,CAAC,GAAI,GAAG,CAAC,OAAe,CAAC;4BAC/B,IAAI,CAAC,EAAE,OAAO;gCAAE,CAAC,CAAC,OAAO,CAAC,CAAC,CAAM,EAAE,CAAM,EAAE,EAAE,CAAC,CAAC,UAAU,CAAC,MAAM,CAAC,CAAC,CAAC,CAAC,WAAW,EAAE,CAAC,GAAG,MAAM,CAAC,CAAC,CAAC,CAAC,CAAC,CAAC;wBACnG,CAAC;wBAAC,MAAM,CAAC,CAAA,CAAC;oBACZ,CAAC;oBACD,MAAM,EAAE,SAAS,EAAE,GAAG,wDAAa,WAAW,GAAC,CAAC;oBAChD,MAAM,IAAI,SAAS,CAAC,GAAG,CAAC,MAAM,EAAE,SAAS,EAAE,UAAU,CAAC,CAAC;gBACzD,CAAC;gBACD,OAAO,MAAM,GAAG,CAAC,IAAI,EAAE,CAAC;YAC1B,CAAC;YAAC,OAAO,GAAQ,EAAE,CAAC;gBAClB,MAAM,MAAM,GAAG,GAAG,EAAE,QAAQ,EAAE,UAAU,IAAI,GAAG,EAAE,UAAU,CAAC;gBAC5D,MAAM,WAAW,GAAG,MAAM,KAAK,GAAG,IAAI,CAAC,MAAM,IAAI,GAAG,IAAI,MAAM,GAAG,GAAG,CAAC,IAAI,GAAG,EAAE,IAAI,KAAK,YAAY,CAAC;gBACpG,IAAI,SAAS,IAAI,CAAC,IAAI,CAAC,KAAK,CAAC,OAAO,GAAG,CAAC,CAAC,IAAI,CAAC,WAAW;oBAAE,MAAM,GAAG,CAAC;gBACrE,wCAAwC;gBACxC,IAAI,YAAgC,CAAC;gBACrC,MAAM,OAAO,GAAuC,GAAG,EAAE,QAAQ,EAAE,OAAO,CAAC;gBAC3E,MAAM,EAAE,GAAG,OAAO,EAAE,CAAC,aAAa,CAAC,IAAI,OAAO,EAAE,CAAC,aAAa,CAAC,CAAC;gBAChE,IAAI,EAAE,EAAE,CAAC;oBACP,MAAM,IAAI,GAAG,MAAM,CAAC,EAAE,CAAC,CAAC;oBACxB,IAAI,CAAC,MAAM,CAAC,KAAK,CAAC,IAAI,CAAC;wBAAE,YAAY,GAAG,IAAI,GAAG,IAAI,CAAC;yBAC/C,CAAC;wBACJ,MAAM,KAAK,GAAG,IAAI,CAAC,KAAK,CAAC,EAAE,CAAC,CAAC;wBAC7B,IAAI,CAAC,MAAM,CAAC,KAAK,CAAC,KAAK,CAAC;4BAAE,YAAY,GAAG,IAAI,CAAC,GAAG,CAAC,CAAC,EAAE,KAAK,GAAG,IAAI,CAAC,GAAG,EAAE,CAAC,CAAC;oBAC3E,CAAC;gBACH,CAAC;gBACD,MAAM,MAAM,GAAG,IAAI,CAAC,KAAK,CAAC,IAAI,CAAC,MAAM,EAAE,GAAG,GAAG,CAAC,CAAC;gBAC/C,MAAM,UAAU,GAAG,IAAI,CAAC,KAAK,CAAC,UAAU,GAAG,IAAI,CAAC,GAAG,CAAC,CAAC,EAAE,SAAS,CAAC,GAAG,MAAM,CAAC;gBAC3E,MAAM,OAAO,GAAG,IAAI,CAAC,GAAG,CAAC,IAAI,CAAC,KAAK,CAAC,UAAU,EAAE,YAAY,IAAI,UAAU,CAAC,CAAC;gBAC5E,MAAM,IAAI,OAAO,CAAC,CAAC,CAAC,EAAE,EAAE,CAAC,UAAU,CAAC,CAAC,EAAE,OAAO,CAAC,CAAC,CAAC;gBACjD,OAAO,OAAO,CAAC,SAAS,GAAG,CAAC,CAAC,CAAC;YAChC,CAAC;oBAAS,CAAC;gBACT,IAAI,OAAO;oBAAE,YAAY,CAAC,OAAO,CAAC,CAAC;YACrC,CAAC;QACH,CAAC,CAAC;QAEF,OAAO,IAAI,CAAC,OAAO,CAAC,GAAG,CAAC,GAAG,EAAE,CAAC,OAAO,CAAC,CAAC,CAAC,CAAC,CAAC;IAC5C,CAAC;CACF;AA7FD,gCA6FC;AAEY,QAAA,aAAa,GAAG,IAAI,UAAU,EAAE,CAAC;AAE9C,eAAe;AACf,SAAgB,kBAAkB,CAAC,SAAoB;IACrD,qBAAa,CAAC,YAAY,CAAC,SAAS,CAAC,CAAC;AACxC,CAAC"},"all":true},"/mnt/c/Users/Guiguito/Documents/GitHub/app-store-scraper-ts/dist/cjs/index.js":{"path":"/mnt/c/Users/Guiguito/Documents/GitHub/app-store-scraper-ts/dist/cjs/index.js","statementMap":{"0":{"start":{"line":2,"column":22},"end":{"line":12,"column":3}},"1":{"start":{"line":3,"column":4},"end":{"line":3,"column":33}},"2":{"start":{"line":3,"column":26},"end":{"line":3,"column":33}},"3":{"start":{"line":4,"column":15},"end":{"line":4,"column":52}},"4":{"start":{"line":5,"column":4},"end":{"line":7,"column":5}},"5":{"start":{"line":6,"column":6},"end":{"line":6,"column":68}},"6":{"start":{"line":6,"column":51},"end":{"line":6,"column":63}},"7":{"start":{"line":8,"column":4},"end":{"line":8,"column":39}},"8":{"start":{"line":10,"column":4},"end":{"line":10,"column":33}},"9":{"start":{"line":10,"column":26},"end":{"line":10,"column":33}},"10":{"start":{"line":11,"column":4},"end":{"line":11,"column":17}},"11":{"start":{"line":13,"column":25},"end":{"line":17,"column":2}},"12":{"start":{"line":14,"column":4},"end":{"line":14,"column":72}},"13":{"start":{"line":16,"column":4},"end":{"line":16,"column":21}},"14":{"start":{"line":18,"column":19},"end":{"line":24,"column":1}},"15":{"start":{"line":19,"column":4},"end":{"line":19,"column":42}},"16":{"start":{"line":19,"column":31},"end":{"line":19,"column":42}},"17":{"start":{"line":20,"column":17},"end":{"line":20,"column":19}},"18":{"start":{"line":21,"column":4},"end":{"line":21,"column":141}},"19":{"start":{"line":21,"column":21},"end":{"line":21,"column":141}},"20":{"start":{"line":21,"column":40},"end":{"line":21,"column":141}},"21":{"start":{"line":21,"column":109},"end":{"line":21,"column":141}},"22":{"start":{"line":22,"column":4},"end":{"line":22,"column":36}},"23":{"start":{"line":23,"column":4},"end":{"line":23,"column":18}},"24":{"start":{"line":25,"column":19},"end":{"line":27,"column":1}},"25":{"start":{"line":26,"column":4},"end":{"line":26,"column":126}},"26":{"start":{"line":26,"column":21},"end":{"line":26,"column":126}},"27":{"start":{"line":26,"column":95},"end":{"line":26,"column":126}},"28":{"start":{"line":28,"column":0},"end":{"line":28,"column":62}},"29":{"start":{"line":29,"column":0},"end":{"line":29,"column":208}},"30":{"start":{"line":30,"column":0},"end":{"line":30,"column":28}},"31":{"start":{"line":31,"column":0},"end":{"line":31,"column":57}},"32":{"start":{"line":32,"column":12},"end":{"line":32,"column":36}},"33":{"start":{"line":33,"column":0},"end":{"line":33,"column":100}},"34":{"start":{"line":33,"column":77},"end":{"line":33,"column":94}},"35":{"start":{"line":34,"column":16},"end":{"line":34,"column":44}},"36":{"start":{"line":35,"column":0},"end":{"line":35,"column":112}},"37":{"start":{"line":35,"column":81},"end":{"line":35,"column":106}},"38":{"start":{"line":36,"column":13},"end":{"line":36,"column":38}},"39":{"start":{"line":37,"column":0},"end":{"line":37,"column":103}},"40":{"start":{"line":37,"column":78},"end":{"line":37,"column":97}},"41":{"start":{"line":38,"column":15},"end":{"line":38,"column":42}},"42":{"start":{"line":39,"column":0},"end":{"line":39,"column":109}},"43":{"start":{"line":39,"column":80},"end":{"line":39,"column":103}},"44":{"start":{"line":40,"column":18},"end":{"line":40,"column":48}},"45":{"start":{"line":41,"column":0},"end":{"line":41,"column":118}},"46":{"start":{"line":41,"column":83},"end":{"line":41,"column":112}},"47":{"start":{"line":42,"column":16},"end":{"line":42,"column":44}},"48":{"start":{"line":43,"column":0},"end":{"line":43,"column":112}},"49":{"start":{"line":43,"column":81},"end":{"line":43,"column":106}},"50":{"start":{"line":44,"column":16},"end":{"line":44,"column":44}},"51":{"start":{"line":45,"column":0},"end":{"line":45,"column":112}},"52":{"start":{"line":45,"column":81},"end":{"line":45,"column":106}},"53":{"start":{"line":46,"column":16},"end":{"line":46,"column":44}},"54":{"start":{"line":47,"column":0},"end":{"line":47,"column":112}},"55":{"start":{"line":47,"column":81},"end":{"line":47,"column":106}},"56":{"start":{"line":48,"column":16},"end":{"line":48,"column":44}},"57":{"start":{"line":49,"column":0},"end":{"line":49,"column":112}},"58":{"start":{"line":49,"column":81},"end":{"line":49,"column":106}},"59":{"start":{"line":50,"column":24},"end":{"line":50,"column":60}},"60":{"start":{"line":51,"column":0},"end":{"line":51,"column":134}},"61":{"start":{"line":51,"column":88},"end":{"line":51,"column":128}},"62":{"start":{"line":53,"column":0},"end":{"line":53,"column":42}},"63":{"start":{"line":55,"column":19},"end":{"line":55,"column":47}},"64":{"start":{"line":56,"column":16},"end":{"line":56,"column":32}},"65":{"start":{"line":57,"column":18},"end":{"line":57,"column":27}},"66":{"start":{"line":58,"column":4},"end":{"line":72,"column":7}},"67":{"start":{"line":59,"column":20},"end":{"line":59,"column":40}},"68":{"start":{"line":60,"column":20},"end":{"line":60,"column":30}},"69":{"start":{"line":61,"column":22},"end":{"line":61,"column":36}},"70":{"start":{"line":62,"column":8},"end":{"line":63,"column":27}},"71":{"start":{"line":63,"column":12},"end":{"line":63,"column":27}},"72":{"start":{"line":64,"column":23},"end":{"line":64,"column":34}},"73":{"start":{"line":65,"column":8},"end":{"line":69,"column":9}},"74":{"start":{"line":66,"column":26},"end":{"line":66,"column":51}},"75":{"start":{"line":67,"column":12},"end":{"line":68,"column":36}},"76":{"start":{"line":68,"column":16},"end":{"line":68,"column":36}},"77":{"start":{"line":70,"column":8},"end":{"line":70,"column":46}},"78":{"start":{"line":71,"column":8},"end":{"line":71,"column":22}},"79":{"start":{"line":75,"column":4},"end":{"line":87,"column":6}}},"fnMap":{"0":{"name":"(anonymous_0)","decl":{"start":{"line":2,"column":74},"end":{"line":2,"column":75}},"loc":{"start":{"line":2,"column":96},"end":{"line":9,"column":1}},"line":2},"1":{"name":"(anonymous_1)","decl":{"start":{"line":6,"column":38},"end":{"line":6,"column":39}},"loc":{"start":{"line":6,"column":49},"end":{"line":6,"column":65}},"line":6},"2":{"name":"(anonymous_2)","decl":{"start":{"line":9,"column":6},"end":{"line":9,"column":7}},"loc":{"start":{"line":9,"column":28},"end":{"line":12,"column":1}},"line":9},"3":{"name":"(anonymous_3)","decl":{"start":{"line":13,"column":80},"end":{"line":13,"column":81}},"loc":{"start":{"line":13,"column":95},"end":{"line":15,"column":1}},"line":13},"4":{"name":"(anonymous_4)","decl":{"start":{"line":15,"column":5},"end":{"line":15,"column":6}},"loc":{"start":{"line":15,"column":20},"end":{"line":17,"column":1}},"line":15},"5":{"name":"(anonymous_5)","decl":{"start":{"line":18,"column":50},"end":{"line":18,"column":51}},"loc":{"start":{"line":18,"column":65},"end":{"line":24,"column":1}},"line":18},"6":{"name":"(anonymous_6)","decl":{"start":{"line":25,"column":50},"end":{"line":25,"column":51}},"loc":{"start":{"line":25,"column":71},"end":{"line":27,"column":1}},"line":25},"7":{"name":"(anonymous_7)","decl":{"start":{"line":33,"column":63},"end":{"line":33,"column":64}},"loc":{"start":{"line":33,"column":75},"end":{"line":33,"column":96}},"line":33},"8":{"name":"(anonymous_8)","decl":{"start":{"line":35,"column":67},"end":{"line":35,"column":68}},"loc":{"start":{"line":35,"column":79},"end":{"line":35,"column":108}},"line":35},"9":{"name":"(anonymous_9)","decl":{"start":{"line":37,"column":64},"end":{"line":37,"column":65}},"loc":{"start":{"line":37,"column":76},"end":{"line":37,"column":99}},"line":37},"10":{"name":"(anonymous_10)","decl":{"start":{"line":39,"column":66},"end":{"line":39,"column":67}},"loc":{"start":{"line":39,"column":78},"end":{"line":39,"column":105}},"line":39},"11":{"name":"(anonymous_11)","decl":{"start":{"line":41,"column":69},"end":{"line":41,"column":70}},"loc":{"start":{"line":41,"column":81},"end":{"line":41,"column":114}},"line":41},"12":{"name":"(anonymous_12)","decl":{"start":{"line":43,"column":67},"end":{"line":43,"column":68}},"loc":{"start":{"line":43,"column":79},"end":{"line":43,"column":108}},"line":43},"13":{"name":"(anonymous_13)","decl":{"start":{"line":45,"column":67},"end":{"line":45,"column":68}},"loc":{"start":{"line":45,"column":79},"end":{"line":45,"column":108}},"line":45},"14":{"name":"(anonymous_14)","decl":{"start":{"line":47,"column":67},"end":{"line":47,"column":68}},"loc":{"start":{"line":47,"column":79},"end":{"line":47,"column":108}},"line":47},"15":{"name":"(anonymous_15)","decl":{"start":{"line":49,"column":67},"end":{"line":49,"column":68}},"loc":{"start":{"line":49,"column":79},"end":{"line":49,"column":108}},"line":49},"16":{"name":"(anonymous_16)","decl":{"start":{"line":51,"column":74},"end":{"line":51,"column":75}},"loc":{"start":{"line":51,"column":86},"end":{"line":51,"column":130}},"line":51},"17":{"name":"memoize","decl":{"start":{"line":54,"column":9},"end":{"line":54,"column":16}},"loc":{"start":{"line":54,"column":32},"end":{"line":73,"column":1}},"line":54},"18":{"name":"(anonymous_18)","decl":{"start":{"line":58,"column":12},"end":{"line":58,"column":13}},"loc":{"start":{"line":58,"column":25},"end":{"line":72,"column":5}},"line":58},"19":{"name":"memoized","decl":{"start":{"line":74,"column":9},"end":{"line":74,"column":17}},"loc":{"start":{"line":74,"column":24},"end":{"line":88,"column":1}},"line":74}},"branchMap":{"0":{"loc":{"start":{"line":2,"column":22},"end":{"line":12,"column":3}},"type":"binary-expr","locations":[{"start":{"line":2,"column":23},"end":{"line":2,"column":27}},{"start":{"line":2,"column":31},"end":{"line":2,"column":51}},{"start":{"line":2,"column":57},"end":{"line":12,"column":2}}],"line":2},"1":{"loc":{"start":{"line":2,"column":57},"end":{"line":12,"column":2}},"type":"cond-expr","locations":[{"start":{"line":2,"column":74},"end":{"line":9,"column":1}},{"start":{"line":9,"column":6},"end":{"line":12,"column":1}}],"line":2},"2":{"loc":{"start":{"line":3,"column":4},"end":{"line":3,"column":33}},"type":"if","locations":[{"start":{"line":3,"column":4},"end":{"line":3,"column":33}},{"start":{"line":3,"column":4},"end":{"line":3,"column":33}}],"line":3},"3":{"loc":{"start":{"line":5,"column":4},"end":{"line":7,"column":5}},"type":"if","locations":[{"start":{"line":5,"column":4},"end":{"line":7,"column":5}},{"start":{"line":5,"column":4},"end":{"line":7,"column":5}}],"line":5},"4":{"loc":{"start":{"line":5,"column":8},"end":{"line":5,"column":85}},"type":"binary-expr","locations":[{"start":{"line":5,"column":8},"end":{"line":5,"column":13}},{"start":{"line":5,"column":18},"end":{"line":5,"column":84}}],"line":5},"5":{"loc":{"start":{"line":5,"column":18},"end":{"line":5,"column":84}},"type":"cond-expr","locations":[{"start":{"line":5,"column":34},"end":{"line":5,"column":47}},{"start":{"line":5,"column":50},"end":{"line":5,"column":84}}],"line":5},"6":{"loc":{"start":{"line":5,"column":50},"end":{"line":5,"column":84}},"type":"binary-expr","locations":[{"start":{"line":5,"column":50},"end":{"line":5,"column":63}},{"start":{"line":5,"column":67},"end":{"line":5,"column":84}}],"line":5},"7":{"loc":{"start":{"line":10,"column":4},"end":{"line":10,"column":33}},"type":"if","locations":[{"start":{"line":10,"column":4},"end":{"line":10,"column":33}},{"start":{"line":10,"column":4},"end":{"line":10,"column":33}}],"line":10},"8":{"loc":{"start":{"line":13,"column":25},"end":{"line":17,"column":2}},"type":"binary-expr","locations":[{"start":{"line":13,"column":26},"end":{"line":13,"column":30}},{"start":{"line":13,"column":34},"end":{"line":13,"column":57}},{"start":{"line":13,"column":63},"end":{"line":17,"column":1}}],"line":13},"9":{"loc":{"start":{"line":13,"column":63},"end":{"line":17,"column":1}},"type":"cond-expr","locations":[{"start":{"line":13,"column":80},"end":{"line":15,"column":1}},{"start":{"line":15,"column":5},"end":{"line":17,"column":1}}],"line":13},"10":{"loc":{"start":{"line":18,"column":19},"end":{"line":24,"column":1}},"type":"binary-expr","locations":[{"start":{"line":18,"column":20},"end":{"line":18,"column":24}},{"start":{"line":18,"column":28},"end":{"line":18,"column":45}},{"start":{"line":18,"column":50},"end":{"line":24,"column":1}}],"line":18},"11":{"loc":{"start":{"line":19,"column":4},"end":{"line":19,"column":42}},"type":"if","locations":[{"start":{"line":19,"column":4},"end":{"line":19,"column":42}},{"start":{"line":19,"column":4},"end":{"line":19,"column":42}}],"line":19},"12":{"loc":{"start":{"line":19,"column":8},"end":{"line":19,"column":29}},"type":"binary-expr","locations":[{"start":{"line":19,"column":8},"end":{"line":19,"column":11}},{"start":{"line":19,"column":15},"end":{"line":19,"column":29}}],"line":19},"13":{"loc":{"start":{"line":21,"column":4},"end":{"line":21,"column":141}},"type":"if","locations":[{"start":{"line":21,"column":4},"end":{"line":21,"column":141}},{"start":{"line":21,"column":4},"end":{"line":21,"column":141}}],"line":21},"14":{"loc":{"start":{"line":21,"column":40},"end":{"line":21,"column":141}},"type":"if","locations":[{"start":{"line":21,"column":40},"end":{"line":21,"column":141}},{"start":{"line":21,"column":40},"end":{"line":21,"column":141}}],"line":21},"15":{"loc":{"start":{"line":21,"column":44},"end":{"line":21,"column":107}},"type":"binary-expr","locations":[{"start":{"line":21,"column":44},"end":{"line":21,"column":59}},{"start":{"line":21,"column":63},"end":{"line":21,"column":107}}],"line":21},"16":{"loc":{"start":{"line":25,"column":19},"end":{"line":27,"column":1}},"type":"binary-expr","locations":[{"start":{"line":25,"column":20},"end":{"line":25,"column":24}},{"start":{"line":25,"column":28},"end":{"line":25,"column":45}},{"start":{"line":25,"column":50},"end":{"line":27,"column":1}}],"line":25},"17":{"loc":{"start":{"line":26,"column":21},"end":{"line":26,"column":126}},"type":"if","locations":[{"start":{"line":26,"column":21},"end":{"line":26,"column":126}},{"start":{"line":26,"column":21},"end":{"line":26,"column":126}}],"line":26},"18":{"loc":{"start":{"line":26,"column":25},"end":{"line":26,"column":93}},"type":"binary-expr","locations":[{"start":{"line":26,"column":25},"end":{"line":26,"column":40}},{"start":{"line":26,"column":44},"end":{"line":26,"column":93}}],"line":26},"19":{"loc":{"start":{"line":54,"column":21},"end":{"line":54,"column":30}},"type":"default-arg","locations":[{"start":{"line":54,"column":28},"end":{"line":54,"column":30}}],"line":54},"20":{"loc":{"start":{"line":55,"column":19},"end":{"line":55,"column":47}},"type":"binary-expr","locations":[{"start":{"line":55,"column":19},"end":{"line":55,"column":30}},{"start":{"line":55,"column":34},"end":{"line":55,"column":47}}],"line":55},"21":{"loc":{"start":{"line":56,"column":16},"end":{"line":56,"column":32}},"type":"binary-expr","locations":[{"start":{"line":56,"column":16},"end":{"line":56,"column":24}},{"start":{"line":56,"column":28},"end":{"line":56,"column":32}}],"line":56},"22":{"loc":{"start":{"line":62,"column":8},"end":{"line":63,"column":27}},"type":"if","locations":[{"start":{"line":62,"column":8},"end":{"line":63,"column":27}},{"start":{"line":62,"column":8},"end":{"line":63,"column":27}}],"line":62},"23":{"loc":{"start":{"line":62,"column":12},"end":{"line":62,"column":43}},"type":"binary-expr","locations":[{"start":{"line":62,"column":12},"end":{"line":62,"column":17}},{"start":{"line":62,"column":21},"end":{"line":62,"column":43}}],"line":62},"24":{"loc":{"start":{"line":65,"column":8},"end":{"line":69,"column":9}},"type":"if","locations":[{"start":{"line":65,"column":8},"end":{"line":69,"column":9}},{"start":{"line":65,"column":8},"end":{"line":69,"column":9}}],"line":65},"25":{"loc":{"start":{"line":67,"column":12},"end":{"line":68,"column":36}},"type":"if","locations":[{"start":{"line":67,"column":12},"end":{"line":68,"column":36}},{"start":{"line":67,"column":12},"end":{"line":68,"column":36}}],"line":67}},"s":{"0":0,"1":0,"2":0,"3":0,"4":0,"5":0,"6":0,"7":0,"8":0,"9":0,"10":0,"11":0,"12":0,"13":0,"14":0,"15":0,"16":0,"17":0,"18":0,"19":0,"20":0,"21":0,"22":0,"23":0,"24":0,"25":0,"26":0,"27":0,"28":0,"29":0,"30":0,"31":0,"32":0,"33":0,"34":0,"35":0,"36":0,"37":0,"38":0,"39":0,"40":0,"41":0,"42":0,"43":0,"44":0,"45":0,"46":0,"47":0,"48":0,"49":0,"50":0,"51":0,"52":0,"53":0,"54":0,"55":0,"56":0,"57":0,"58":0,"59":0,"60":0,"61":0,"62":0,"63":0,"64":0,"65":0,"66":0,"67":0,"68":0,"69":0,"70":0,"71":0,"72":0,"73":0,"74":0,"75":0,"76":0,"77":0,"78":0,"79":0},"f":{"0":0,"1":0,"2":0,"3":0,"4":0,"5":0,"6":0,"7":0,"8":0,"9":0,"10":0,"11":0,"12":0,"13":0,"14":0,"15":0,"16":0,"17":0,"18":0,"19":0},"b":{"0":[0,0,0],"1":[0,0],"2":[0,0],"3":[0,0],"4":[0,0],"5":[0,0],"6":[0,0],"7":[0,0],"8":[0,0,0],"9":[0,0],"10":[0,0,0],"11":[0,0],"12":[0,0],"13":[0,0],"14":[0,0],"15":[0,0],"16":[0,0,0],"17":[0,0],"18":[0,0],"19":[0],"20":[0,0],"21":[0,0],"22":[0,0],"23":[0,0],"24":[0,0],"25":[0,0]},"inputSourceMap":{"version":3,"file":"index.js","sourceRoot":"","sources":["../../src/index.ts"],"names":[],"mappings":";;;;;;;;;;;;;;;;;;;;;;;;;;;;;AAoCA,4BAcC;AAlDD,yDAAyC;AACzC,qCAAoC;AAA3B,0FAAA,GAAG,OAAA;AACZ,6CAA4C;AAAnC,kGAAA,OAAO,OAAA;AAChB,uCAAsC;AAA7B,4FAAA,IAAI,OAAA;AACb,2CAA0C;AAAjC,gGAAA,MAAM,OAAA;AACf,iDAAgD;AAAvC,sGAAA,SAAS,OAAA;AAClB,6CAA4C;AAAnC,kGAAA,OAAO,OAAA;AAChB,6CAA4C;AAAnC,kGAAA,OAAO,OAAA;AAChB,6CAA4C;AAAnC,kGAAA,OAAO,OAAA;AAChB,6CAA4C;AAAnC,kGAAA,OAAO,OAAA;AAChB,6DAA2D;AAAlD,iHAAA,cAAc,OAAA;AAEvB,2CAA2C;AAC3C,0CAAwB;AAIxB,SAAS,OAAO,CAAkB,EAAK,EAAE,OAA0C,EAAE;IACnF,MAAM,MAAM,GAAG,IAAI,CAAC,MAAM,IAAI,IAAI,GAAG,EAAE,GAAG,CAAC,CAAC,CAAC,YAAY;IACzD,MAAM,GAAG,GAAG,IAAI,CAAC,GAAG,IAAI,IAAI,CAAC;IAC7B,MAAM,KAAK,GAAG,IAAI,GAAG,EAAiC,CAAC;IACvD,OAAO,CAAC,CAAC,GAAG,IAAW,EAAE,EAAE;QACzB,MAAM,GAAG,GAAG,IAAI,CAAC,SAAS,CAAC,IAAI,CAAC,CAAC;QACjC,MAAM,GAAG,GAAG,IAAI,CAAC,GAAG,EAAE,CAAC;QACvB,MAAM,KAAK,GAAG,KAAK,CAAC,GAAG,CAAC,GAAG,CAAC,CAAC;QAC7B,IAAI,KAAK,IAAI,GAAG,GAAG,KAAK,CAAC,CAAC,GAAG,MAAM;YAAE,OAAO,KAAK,CAAC,CAAC,CAAC;QACpD,MAAM,MAAM,GAAG,EAAE,CAAC,GAAG,IAAI,CAAC,CAAC;QAC3B,IAAI,KAAK,CAAC,IAAI,IAAI,GAAG,EAAE,CAAC;YACtB,MAAM,KAAK,GAAG,KAAK,CAAC,IAAI,EAAE,CAAC,IAAI,EAAE,CAAC,KAA2B,CAAC;YAC9D,IAAI,OAAO,KAAK,KAAK,WAAW;gBAAE,KAAK,CAAC,MAAM,CAAC,KAAK,CAAC,CAAC;QACxD,CAAC;QACD,KAAK,CAAC,GAAG,CAAC,GAAG,EAAE,EAAE,CAAC,EAAE,MAAM,EAAE,CAAC,EAAE,GAAG,EAAE,CAAC,CAAC;QACtC,OAAO,MAAM,CAAC;IAChB,CAAC,CAAM,CAAC;AACV,CAAC;AAED,SAAgB,QAAQ,CAAC,IAAwC;IAC/D,OAAO;QACL,GAAG,OAAO,CAAC,aAAa,CAAC;QACzB,GAAG,EAAE,OAAO,CAAC,OAAO,CAAC,eAAe,CAAC,CAAC,GAAG,EAAE,IAAI,CAAC;QAChD,OAAO,EAAE,OAAO,CAAC,OAAO,CAAC,mBAAmB,CAAC,CAAC,OAAO,EAAE,IAAI,CAAC;QAC5D,IAAI,EAAE,OAAO,CAAC,OAAO,CAAC,gBAAgB,CAAC,CAAC,IAAI,EAAE,IAAI,CAAC;QACnD,MAAM,EAAE,OAAO,CAAC,OAAO,CAAC,kBAAkB,CAAC,CAAC,MAAM,EAAE,IAAI,CAAC;QACzD,SAAS,EAAE,OAAO,CAAC,OAAO,CAAC,qBAAqB,CAAC,CAAC,SAAS,EAAE,IAAI,CAAC;QAClE,OAAO,EAAE,OAAO,CAAC,OAAO,CAAC,mBAAmB,CAAC,CAAC,OAAO,EAAE,IAAI,CAAC;QAC5D,OAAO,EAAE,OAAO,CAAC,OAAO,CAAC,mBAAmB,CAAC,CAAC,OAAO,EAAE,IAAI,CAAC;QAC5D,OAAO,EAAE,OAAO,CAAC,OAAO,CAAC,mBAAmB,CAAC,CAAC,OAAO,EAAE,IAAI,CAAC;QAC5D,OAAO,EAAE,OAAO,CAAC,OAAO,CAAC,mBAAmB,CAAC,CAAC,OAAO,EAAE,IAAI,CAAC;QAC5D,cAAc,EAAE,OAAO,CAAC,OAAO,CAAC,2BAA2B,CAAC,CAAC,cAAc,EAAE,IAAI,CAAC;KACnF,CAAC;AACJ,CAAC"},"all":true},"/mnt/c/Users/Guiguito/Documents/GitHub/app-store-scraper-ts/dist/cjs/modules/app.js":{"path":"/mnt/c/Users/Guiguito/Documents/GitHub/app-store-scraper-ts/dist/cjs/modules/app.js","statementMap":{"0":{"start":{"line":2,"column":22},"end":{"line":12,"column":3}},"1":{"start":{"line":3,"column":4},"end":{"line":3,"column":33}},"2":{"start":{"line":3,"column":26},"end":{"line":3,"column":33}},"3":{"start":{"line":4,"column":15},"end":{"line":4,"column":52}},"4":{"start":{"line":5,"column":4},"end":{"line":7,"column":5}},"5":{"start":{"line":6,"column":6},"end":{"line":6,"column":68}},"6":{"start":{"line":6,"column":51},"end":{"line":6,"column":63}},"7":{"start":{"line":8,"column":4},"end":{"line":8,"column":39}},"8":{"start":{"line":10,"column":4},"end":{"line":10,"column":33}},"9":{"start":{"line":10,"column":26},"end":{"line":10,"column":33}},"10":{"start":{"line":11,"column":4},"end":{"line":11,"column":17}},"11":{"start":{"line":13,"column":25},"end":{"line":17,"column":2}},"12":{"start":{"line":14,"column":4},"end":{"line":14,"column":72}},"13":{"start":{"line":16,"column":4},"end":{"line":16,"column":21}},"14":{"start":{"line":18,"column":19},"end":{"line":24,"column":1}},"15":{"start":{"line":19,"column":4},"end":{"line":19,"column":42}},"16":{"start":{"line":19,"column":31},"end":{"line":19,"column":42}},"17":{"start":{"line":20,"column":17},"end":{"line":20,"column":19}},"18":{"start":{"line":21,"column":4},"end":{"line":21,"column":141}},"19":{"start":{"line":21,"column":21},"end":{"line":21,"column":141}},"20":{"start":{"line":21,"column":40},"end":{"line":21,"column":141}},"21":{"start":{"line":21,"column":109},"end":{"line":21,"column":141}},"22":{"start":{"line":22,"column":4},"end":{"line":22,"column":36}},"23":{"start":{"line":23,"column":4},"end":{"line":23,"column":18}},"24":{"start":{"line":25,"column":0},"end":{"line":25,"column":62}},"25":{"start":{"line":26,"column":0},"end":{"line":26,"column":18}},"26":{"start":{"line":27,"column":17},"end":{"line":27,"column":37}},"27":{"start":{"line":28,"column":18},"end":{"line":28,"column":38}},"28":{"start":{"line":30,"column":4},"end":{"line":33,"column":5}},"29":{"start":{"line":31,"column":36},"end":{"line":31,"column":106}},"30":{"start":{"line":31,"column":71},"end":{"line":31,"column":105}},"31":{"start":{"line":32,"column":8},"end":{"line":32,"column":68}},"32":{"start":{"line":34,"column":20},"end":{"line":34,"column":47}},"33":{"start":{"line":35,"column":21},"end":{"line":35,"column":42}},"34":{"start":{"line":36,"column":20},"end":{"line":36,"column":127}},"35":{"start":{"line":37,"column":4},"end":{"line":40,"column":5}},"36":{"start":{"line":38,"column":34},"end":{"line":38,"column":104}},"37":{"start":{"line":38,"column":69},"end":{"line":38,"column":103}},"38":{"start":{"line":39,"column":8},"end":{"line":39,"column":55}},"39":{"start":{"line":41,"column":19},"end":{"line":41,"column":29}},"40":{"start":{"line":42,"column":4},"end":{"line":47,"column":5}},"41":{"start":{"line":43,"column":8},"end":{"line":44,"column":32}},"42":{"start":{"line":44,"column":12},"end":{"line":44,"column":32}},"43":{"start":{"line":45,"column":24},"end":{"line":45,"column":137}},"44":{"start":{"line":46,"column":8},"end":{"line":46,"column":41}},"45":{"start":{"line":48,"column":4},"end":{"line":48,"column":18}}},"fnMap":{"0":{"name":"(anonymous_0)","decl":{"start":{"line":2,"column":74},"end":{"line":2,"column":75}},"loc":{"start":{"line":2,"column":96},"end":{"line":9,"column":1}},"line":2},"1":{"name":"(anonymous_1)","decl":{"start":{"line":6,"column":38},"end":{"line":6,"column":39}},"loc":{"start":{"line":6,"column":49},"end":{"line":6,"column":65}},"line":6},"2":{"name":"(anonymous_2)","decl":{"start":{"line":9,"column":6},"end":{"line":9,"column":7}},"loc":{"start":{"line":9,"column":28},"end":{"line":12,"column":1}},"line":9},"3":{"name":"(anonymous_3)","decl":{"start":{"line":13,"column":80},"end":{"line":13,"column":81}},"loc":{"start":{"line":13,"column":95},"end":{"line":15,"column":1}},"line":13},"4":{"name":"(anonymous_4)","decl":{"start":{"line":15,"column":5},"end":{"line":15,"column":6}},"loc":{"start":{"line":15,"column":20},"end":{"line":17,"column":1}},"line":15},"5":{"name":"(anonymous_5)","decl":{"start":{"line":18,"column":50},"end":{"line":18,"column":51}},"loc":{"start":{"line":18,"column":65},"end":{"line":24,"column":1}},"line":18},"6":{"name":"app","decl":{"start":{"line":29,"column":15},"end":{"line":29,"column":18}},"loc":{"start":{"line":29,"column":25},"end":{"line":49,"column":1}},"line":29},"7":{"name":"(anonymous_7)","decl":{"start":{"line":31,"column":65},"end":{"line":31,"column":66}},"loc":{"start":{"line":31,"column":71},"end":{"line":31,"column":105}},"line":31},"8":{"name":"(anonymous_8)","decl":{"start":{"line":38,"column":63},"end":{"line":38,"column":64}},"loc":{"start":{"line":38,"column":69},"end":{"line":38,"column":103}},"line":38}},"branchMap":{"0":{"loc":{"start":{"line":2,"column":22},"end":{"line":12,"column":3}},"type":"binary-expr","locations":[{"start":{"line":2,"column":23},"end":{"line":2,"column":27}},{"start":{"line":2,"column":31},"end":{"line":2,"column":51}},{"start":{"line":2,"column":57},"end":{"line":12,"column":2}}],"line":2},"1":{"loc":{"start":{"line":2,"column":57},"end":{"line":12,"column":2}},"type":"cond-expr","locations":[{"start":{"line":2,"column":74},"end":{"line":9,"column":1}},{"start":{"line":9,"column":6},"end":{"line":12,"column":1}}],"line":2},"2":{"loc":{"start":{"line":3,"column":4},"end":{"line":3,"column":33}},"type":"if","locations":[{"start":{"line":3,"column":4},"end":{"line":3,"column":33}},{"start":{"line":3,"column":4},"end":{"line":3,"column":33}}],"line":3},"3":{"loc":{"start":{"line":5,"column":4},"end":{"line":7,"column":5}},"type":"if","locations":[{"start":{"line":5,"column":4},"end":{"line":7,"column":5}},{"start":{"line":5,"column":4},"end":{"line":7,"column":5}}],"line":5},"4":{"loc":{"start":{"line":5,"column":8},"end":{"line":5,"column":85}},"type":"binary-expr","locations":[{"start":{"line":5,"column":8},"end":{"line":5,"column":13}},{"start":{"line":5,"column":18},"end":{"line":5,"column":84}}],"line":5},"5":{"loc":{"start":{"line":5,"column":18},"end":{"line":5,"column":84}},"type":"cond-expr","locations":[{"start":{"line":5,"column":34},"end":{"line":5,"column":47}},{"start":{"line":5,"column":50},"end":{"line":5,"column":84}}],"line":5},"6":{"loc":{"start":{"line":5,"column":50},"end":{"line":5,"column":84}},"type":"binary-expr","locations":[{"start":{"line":5,"column":50},"end":{"line":5,"column":63}},{"start":{"line":5,"column":67},"end":{"line":5,"column":84}}],"line":5},"7":{"loc":{"start":{"line":10,"column":4},"end":{"line":10,"column":33}},"type":"if","locations":[{"start":{"line":10,"column":4},"end":{"line":10,"column":33}},{"start":{"line":10,"column":4},"end":{"line":10,"column":33}}],"line":10},"8":{"loc":{"start":{"line":13,"column":25},"end":{"line":17,"column":2}},"type":"binary-expr","locations":[{"start":{"line":13,"column":26},"end":{"line":13,"column":30}},{"start":{"line":13,"column":34},"end":{"line":13,"column":57}},{"start":{"line":13,"column":63},"end":{"line":17,"column":1}}],"line":13},"9":{"loc":{"start":{"line":13,"column":63},"end":{"line":17,"column":1}},"type":"cond-expr","locations":[{"start":{"line":13,"column":80},"end":{"line":15,"column":1}},{"start":{"line":15,"column":5},"end":{"line":17,"column":1}}],"line":13},"10":{"loc":{"start":{"line":18,"column":19},"end":{"line":24,"column":1}},"type":"binary-expr","locations":[{"start":{"line":18,"column":20},"end":{"line":18,"column":24}},{"start":{"line":18,"column":28},"end":{"line":18,"column":45}},{"start":{"line":18,"column":50},"end":{"line":24,"column":1}}],"line":18},"11":{"loc":{"start":{"line":19,"column":4},"end":{"line":19,"column":42}},"type":"if","locations":[{"start":{"line":19,"column":4},"end":{"line":19,"column":42}},{"start":{"line":19,"column":4},"end":{"line":19,"column":42}}],"line":19},"12":{"loc":{"start":{"line":19,"column":8},"end":{"line":19,"column":29}},"type":"binary-expr","locations":[{"start":{"line":19,"column":8},"end":{"line":19,"column":11}},{"start":{"line":19,"column":15},"end":{"line":19,"column":29}}],"line":19},"13":{"loc":{"start":{"line":21,"column":4},"end":{"line":21,"column":141}},"type":"if","locations":[{"start":{"line":21,"column":4},"end":{"line":21,"column":141}},{"start":{"line":21,"column":4},"end":{"line":21,"column":141}}],"line":21},"14":{"loc":{"start":{"line":21,"column":40},"end":{"line":21,"column":141}},"type":"if","locations":[{"start":{"line":21,"column":40},"end":{"line":21,"column":141}},{"start":{"line":21,"column":40},"end":{"line":21,"column":141}}],"line":21},"15":{"loc":{"start":{"line":21,"column":44},"end":{"line":21,"column":107}},"type":"binary-expr","locations":[{"start":{"line":21,"column":44},"end":{"line":21,"column":59}},{"start":{"line":21,"column":63},"end":{"line":21,"column":107}}],"line":21},"16":{"loc":{"start":{"line":30,"column":4},"end":{"line":33,"column":5}},"type":"if","locations":[{"start":{"line":30,"column":4},"end":{"line":33,"column":5}},{"start":{"line":30,"column":4},"end":{"line":33,"column":5}}],"line":30},"17":{"loc":{"start":{"line":30,"column":8},"end":{"line":30,"column":33}},"type":"binary-expr","locations":[{"start":{"line":30,"column":8},"end":{"line":30,"column":17}},{"start":{"line":30,"column":21},"end":{"line":30,"column":33}}],"line":30},"18":{"loc":{"start":{"line":34,"column":20},"end":{"line":34,"column":47}},"type":"cond-expr","locations":[{"start":{"line":34,"column":30},"end":{"line":34,"column":34}},{"start":{"line":34,"column":37},"end":{"line":34,"column":47}}],"line":34},"19":{"loc":{"start":{"line":35,"column":21},"end":{"line":35,"column":42}},"type":"binary-expr","locations":[{"start":{"line":35,"column":21},"end":{"line":35,"column":28}},{"start":{"line":35,"column":32},"end":{"line":35,"column":42}}],"line":35},"20":{"loc":{"start":{"line":37,"column":4},"end":{"line":40,"column":5}},"type":"if","locations":[{"start":{"line":37,"column":4},"end":{"line":40,"column":5}},{"start":{"line":37,"column":4},"end":{"line":40,"column":5}}],"line":37},"21":{"loc":{"start":{"line":42,"column":4},"end":{"line":47,"column":5}},"type":"if","locations":[{"start":{"line":42,"column":4},"end":{"line":47,"column":5}},{"start":{"line":42,"column":4},"end":{"line":47,"column":5}}],"line":42},"22":{"loc":{"start":{"line":43,"column":8},"end":{"line":44,"column":32}},"type":"if","locations":[{"start":{"line":43,"column":8},"end":{"line":44,"column":32}},{"start":{"line":43,"column":8},"end":{"line":44,"column":32}}],"line":43}},"s":{"0":0,"1":0,"2":0,"3":0,"4":0,"5":0,"6":0,"7":0,"8":0,"9":0,"10":0,"11":0,"12":0,"13":0,"14":0,"15":0,"16":0,"17":0,"18":0,"19":0,"20":0,"21":0,"22":0,"23":0,"24":0,"25":0,"26":0,"27":0,"28":0,"29":0,"30":0,"31":0,"32":0,"33":0,"34":0,"35":0,"36":0,"37":0,"38":0,"39":0,"40":0,"41":0,"42":0,"43":0,"44":0,"45":0},"f":{"0":0,"1":0,"2":0,"3":0,"4":0,"5":0,"6":0,"7":0,"8":0},"b":{"0":[0,0,0],"1":[0,0],"2":[0,0],"3":[0,0],"4":[0,0],"5":[0,0],"6":[0,0],"7":[0,0],"8":[0,0,0],"9":[0,0],"10":[0,0,0],"11":[0,0],"12":[0,0],"13":[0,0],"14":[0,0],"15":[0,0],"16":[0,0],"17":[0,0],"18":[0,0],"19":[0,0],"20":[0,0],"21":[0,0],"22":[0,0]},"inputSourceMap":{"version":3,"file":"app.js","sourceRoot":"","sources":["../../../src/modules/app.ts"],"names":[],"mappings":";;;;;;;;;;;;;;;;;;;;;;;;;AAcA,kBAoBC;AAlCD,sCAAmC;AAEnC,uCAAqD;AAY9C,KAAK,UAAU,GAAG,CAAC,IAAgB;IACxC,IAAI,CAAC,IAAI,EAAE,EAAE,IAAI,CAAC,IAAI,EAAE,KAAK,EAAE,CAAC;QAC9B,MAAM,EAAE,eAAe,EAAE,GAAG,wDAAa,WAAW,GAAC,CAAC;QACtD,MAAM,IAAI,eAAe,CAAC,gCAAgC,CAAC,CAAC;IAC9D,CAAC;IACD,MAAM,OAAO,GAAG,IAAI,CAAC,EAAE,CAAC,CAAC,CAAC,IAAI,CAAC,CAAC,CAAC,UAAU,CAAC;IAC5C,MAAM,OAAO,GAAG,CAAC,IAAI,CAAC,EAAE,IAAI,IAAI,CAAC,KAAM,CAAoB,CAAC;IAC5D,MAAM,OAAO,GAAG,MAAM,IAAA,eAAM,EAAC,CAAC,OAAO,CAAC,EAAE,OAAc,EAAE,IAAI,CAAC,OAAO,EAAE,IAAI,CAAC,IAAI,EAAE,IAAI,CAAC,cAAc,EAAE,IAAI,CAAC,QAAQ,CAAC,CAAC;IACrH,IAAI,OAAO,CAAC,MAAM,KAAK,CAAC,EAAE,CAAC;QACzB,MAAM,EAAE,aAAa,EAAE,GAAG,wDAAa,WAAW,GAAC,CAAC;QACpD,MAAM,IAAI,aAAa,CAAC,qBAAqB,CAAC,CAAC;IACjD,CAAC;IAED,MAAM,MAAM,GAAG,OAAO,CAAC,CAAC,CAAC,CAAC;IAC1B,IAAI,IAAI,CAAC,OAAO,EAAE,CAAC;QACjB,IAAI,CAAC,IAAI,CAAC,EAAE;YAAE,IAAI,CAAC,EAAE,GAAG,MAAM,CAAC,EAAE,CAAC;QAClC,MAAM,OAAO,GAAG,MAAM,IAAA,iBAAa,EAAC,EAAE,EAAE,EAAE,MAAM,CAAC,IAAI,CAAC,EAAE,CAAC,EAAE,OAAO,EAAE,IAAI,CAAC,OAAO,EAAE,cAAc,EAAE,IAAI,CAAC,cAAc,EAAE,CAAC,CAAC;QACzH,OAAO,EAAE,GAAG,MAAM,EAAE,GAAG,OAAO,EAAS,CAAC;IAC1C,CAAC;IACD,OAAO,MAAM,CAAC;AAChB,CAAC"},"all":true},"/mnt/c/Users/Guiguito/Documents/GitHub/app-store-scraper-ts/dist/cjs/modules/developer.js":{"path":"/mnt/c/Users/Guiguito/Documents/GitHub/app-store-scraper-ts/dist/cjs/modules/developer.js","statementMap":{"0":{"start":{"line":2,"column":22},"end":{"line":12,"column":3}},"1":{"start":{"line":3,"column":4},"end":{"line":3,"column":33}},"2":{"start":{"line":3,"column":26},"end":{"line":3,"column":33}},"3":{"start":{"line":4,"column":15},"end":{"line":4,"column":52}},"4":{"start":{"line":5,"column":4},"end":{"line":7,"column":5}},"5":{"start":{"line":6,"column":6},"end":{"line":6,"column":68}},"6":{"start":{"line":6,"column":51},"end":{"line":6,"column":63}},"7":{"start":{"line":8,"column":4},"end":{"line":8,"column":39}},"8":{"start":{"line":10,"column":4},"end":{"line":10,"column":33}},"9":{"start":{"line":10,"column":26},"end":{"line":10,"column":33}},"10":{"start":{"line":11,"column":4},"end":{"line":11,"column":17}},"11":{"start":{"line":13,"column":25},"end":{"line":17,"column":2}},"12":{"start":{"line":14,"column":4},"end":{"line":14,"column":72}},"13":{"start":{"line":16,"column":4},"end":{"line":16,"column":21}},"14":{"start":{"line":18,"column":19},"end":{"line":24,"column":1}},"15":{"start":{"line":19,"column":4},"end":{"line":19,"column":42}},"16":{"start":{"line":19,"column":31},"end":{"line":19,"column":42}},"17":{"start":{"line":20,"column":17},"end":{"line":20,"column":19}},"18":{"start":{"line":21,"column":4},"end":{"line":21,"column":141}},"19":{"start":{"line":21,"column":21},"end":{"line":21,"column":141}},"20":{"start":{"line":21,"column":40},"end":{"line":21,"column":141}},"21":{"start":{"line":21,"column":109},"end":{"line":21,"column":141}},"22":{"start":{"line":22,"column":4},"end":{"line":22,"column":36}},"23":{"start":{"line":23,"column":4
[...]
olumn":34},"end":{"line":5,"column":47}},{"start":{"line":5,"column":50},"end":{"line":5,"column":84}}],"line":5},"6":{"loc":{"start":{"line":5,"column":50},"end":{"line":5,"column":84}},"type":"binary-expr","locations":[{"start":{"line":5,"column":50},"end":{"line":5,"column":63}},{"start":{"line":5,"column":67},"end":{"line":5,"column":84}}],"line":5},"7":{"loc":{"start":{"line":10,"column":4},"end":{"line":10,"column":33}},"type":"if","locations":[{"start":{"line":10,"column":4},"end":{"line":10,"column":33}},{"start":{"line":10,"column":4},"end":{"line":10,"column":33}}],"line":10},"8":{"loc":{"start":{"line":13,"column":25},"end":{"line":17,"column":2}},"type":"binary-expr","locations":[{"start":{"line":13,"column":26},"end":{"line":13,"column":30}},{"start":{"line":13,"column":34},"end":{"line":13,"column":57}},{"start":{"line":13,"column":63},"end":{"line":17,"column":1}}],"line":13},"9":{"loc":{"start":{"line":13,"column":63},"end":{"line":17,"column":1}},"type":"cond-expr","locations":[{"start":{"line":13,"column":80},"end":{"line":15,"column":1}},{"start":{"line":15,"column":5},"end":{"line":17,"column":1}}],"line":13},"10":{"loc":{"start":{"line":18,"column":19},"end":{"line":24,"column":1}},"type":"binary-expr","locations":[{"start":{"line":18,"column":20},"end":{"line":18,"column":24}},{"start":{"line":18,"column":28},"end":{"line":18,"column":45}},{"start":{"line":18,"column":50},"end":{"line":24,"column":1}}],"line":18},"11":{"loc":{"start":{"line":19,"column":4},"end":{"line":19,"column":42}},"type":"if","locations":[{"start":{"line":19,"column":4},"end":{"line":19,"column":42}},{"start":{"line":19,"column":4},"end":{"line":19,"column":42}}],"line":19},"12":{"loc":{"start":{"line":19,"column":8},"end":{"line":19,"column":29}},"type":"binary-expr","locations":[{"start":{"line":19,"column":8},"end":{"line":19,"column":11}},{"start":{"line":19,"column":15},"end":{"line":19,"column":29}}],"line":19},"13":{"loc":{"start":{"line":21,"column":4},"end":{"line":21,"column":141}},"type":"if","locations":[{"start":{"line":21,"column":4},"end":{"line":21,"column":141}},{"start":{"line":21,"column":4},"end":{"line":21,"column":141}}],"line":21},"14":{"loc":{"start":{"line":21,"column":40},"end":{"line":21,"column":141}},"type":"if","locations":[{"start":{"line":21,"column":40},"end":{"line":21,"column":141}},{"start":{"line":21,"column":40},"end":{"line":21,"column":141}}],"line":21},"15":{"loc":{"start":{"line":21,"column":44},"end":{"line":21,"column":107}},"type":"binary-expr","locations":[{"start":{"line":21,"column":44},"end":{"line":21,"column":59}},{"start":{"line":21,"column":63},"end":{"line":21,"column":107}}],"line":21},"16":{"loc":{"start":{"line":31,"column":4},"end":{"line":32,"column":123}},"type":"if","locations":[{"start":{"line":31,"column":4},"end":{"line":32,"column":123}},{"start":{"line":31,"column":4},"end":{"line":32,"column":123}}],"line":31},"17":{"loc":{"start":{"line":31,"column":8},"end":{"line":31,"column":27}},"type":"binary-expr","locations":[{"start":{"line":31,"column":8},"end":{"line":31,"column":13}},{"start":{"line":31,"column":17},"end":{"line":31,"column":27}}],"line":31},"18":{"loc":{"start":{"line":38,"column":17},"end":{"line":38,"column":101}},"type":"binary-expr","locations":[{"start":{"line":38,"column":17},"end":{"line":38,"column":49}},{"start":{"line":38,"column":53},"end":{"line":38,"column":95}},{"start":{"line":38,"column":99},"end":{"line":38,"column":101}}],"line":38},"19":{"loc":{"start":{"line":39,"column":18},"end":{"line":39,"column":53}},"type":"cond-expr","locations":[{"start":{"line":39,"column":40},"end":{"line":39,"column":44}},{"start":{"line":39,"column":47},"end":{"line":39,"column":53}}],"line":39},"20":{"loc":{"start":{"line":42,"column":20},"end":{"line":42,"column":47}},"type":"binary-expr","locations":[{"start":{"line":42,"column":20},"end":{"line":42,"column":29}},{"start":{"line":42,"column":33},"end":{"line":42,"column":47}}],"line":42},"21":{"loc":{"start":{"line":43,"column":21},"end":{"line":43,"column":54}},"type":"cond-expr","locations":[{"start":{"line":43,"column":42},"end":{"line":43,"column":48}},{"start":{"line":43,"column":51},"end":{"line":43,"column":54}}],"line":43},"22":{"loc":{"start":{"line":44,"column":15},"end":{"line":44,"column":42}},"type":"cond-expr","locations":[{"start":{"line":44,"column":22},"end":{"line":44,"column":30}},{"start":{"line":44,"column":33},"end":{"line":44,"column":42}}],"line":44}},"s":{"0":0,"1":0,"2":0,"3":0,"4":0,"5":0,"6":0,"7":0,"8":0,"9":0,"10":0,"11":0,"12":0,"13":0,"14":0,"15":0,"16":0,"17":0,"18":0,"19":0,"20":0,"21":0,"22":0,"23":0,"24":0,"25":0,"26":0,"27":0,"28":0,"29":0,"30":0,"31":0,"32":0,"33":0,"34":0,"35":0,"36":0,"37":0,"38":0,"39":0,"40":0,"41":0,"42":0},"f":{"0":0,"1":0,"2":0,"3":0,"4":0,"5":0,"6":0,"7":0,"8":0,"9":0},"b":{"0":[0,0,0],"1":[0,0],"2":[0,0],"3":[0,0],"4":[0,0],"5":[0,0],"6":[0,0],"7":[0,0],"8":[0,0,0],"9":[0,0],"10":[0,0,0],"11":[0,0],"12":[0,0],"13":[0,0],"14":[0,0],"15":[0,0],"16":[0,0],"17":[0,0],"18":[0,0,0],"19":[0,0],"20":[0,0],"21":[0,0],"22":[0,0]},"inputSourceMap":{"version":3,"file":"suggest.js","sourceRoot":"","sources":["../../../src/modules/suggest.ts"],"names":[],"mappings":";;;;;;;;;;;;;;;;;;;;;;;;;AAWA,0BAoBC;AA/BD,sCAAoC;AACpC,sCAAwC;AAExC,MAAM,QAAQ,GAAG,wGAAwG,CAAC;AAQnH,KAAK,UAAU,OAAO,CAAC,IAAoB;IAChD,IAAI,CAAC,IAAI,IAAI,CAAC,IAAI,CAAC,IAAI;QAAE,MAAM,IAAI,CAAC,wDAAa,WAAW,GAAC,CAAC,CAAC,eAAe,CAAC,cAAc,CAAC,CAAC;IAC/F,MAAM,GAAG,GAAG,QAAQ,GAAG,kBAAkB,CAAC,IAAI,CAAC,IAAI,CAAC,CAAC;IACrD,MAAM,EAAE,aAAa,EAAE,GAAG,wDAAa,gBAAgB,GAAC,CAAC;IACzD,MAAM,GAAG,GAAG,MAAM,aAAa,CAAC,OAAO,CACrC,GAAG,EACH,EAAE,qBAAqB,EAAE,GAAG,IAAA,gBAAO,EAAC,IAAI,CAAC,OAAO,CAAC,KAAK,EAAE,EACxD,IAAI,CAAC,cAAc,CACpB,CAAC;IACF,MAAM,MAAM,GAAQ,IAAA,cAAQ,EAAC,GAAG,CAAC,CAAC;IAClC,mGAAmG;IACnG,MAAM,IAAI,GAAG,MAAM,EAAE,KAAK,EAAE,IAAI,EAAE,KAAK,EAAE,IAAI,IAAI,MAAM,EAAE,KAAK,EAAE,IAAI,EAAE,CAAC,CAAC,CAAC,EAAE,KAAK,EAAE,CAAC,CAAC,CAAC,EAAE,IAAI,IAAI,EAAE,CAAC;IAClG,MAAM,KAAK,GAAG,KAAK,CAAC,OAAO,CAAC,IAAI,CAAC,CAAC,CAAC,CAAC,IAAI,CAAC,CAAC,CAAC,CAAC,IAAI,CAAC,CAAC;IAClD,OAAO,KAAK;SACT,GAAG,CAAC,CAAC,CAAM,EAAE,EAAE;QACd,MAAM,GAAG,GAAG,CAAC,EAAE,MAAM,IAAI,CAAC,EAAE,MAAM,EAAE,CAAC,CAAC,CAAC,CAAC;QACxC,MAAM,IAAI,GAAG,KAAK,CAAC,OAAO,CAAC,GAAG,CAAC,CAAC,CAAC,CAAC,GAAG,CAAC,CAAC,CAAC,CAAC,CAAC,CAAC,GAAG,CAAC;QAC/C,OAAO,IAAI,CAAC,CAAC,CAAC,EAAE,IAAI,EAAE,CAAC,CAAC,CAAC,SAAS,CAAC;IACrC,CAAC,CAAC;SACD,MAAM,CAAC,OAAO,CAAC,CAAC;AACrB,CAAC"},"all":true},"/mnt/c/Users/Guiguito/Documents/GitHub/app-store-scraper-ts/dist/cjs/modules/version-history.js":{"path":"/mnt/c/Users/Guiguito/Documents/GitHub/app-store-scraper-ts/dist/cjs/modules/version-history.js","statementMap":{"0":{"start":{"line":2,"column":22},"end":{"line":12,"column":3}},"1":{"start":{"line":3,"column":4},"end":{"line":3,"column":33}},"2":{"start":{"line":3,"column":26},"end":{"line":3,"column":33}},"3":{"start":{"line":4,"column":15},"end":{"line":4,"column":52}},"4":{"start":{"line":5,"column":4},"end":{"line":7,"column":5}},"5":{"start":{"line":6,"column":6},"end":{"line":6,"column":68}},"6":{"start":{"line":6,"column":51},"end":{"line":6,"column":63}},"7":{"start":{"line":8,"column":4},"end":{"line":8,"column":39}},"8":{"start":{"line":10,"column":4},"end":{"line":10,"column":33}},"9":{"start":{"line":10,"column":26},"end":{"line":10,"column":33}},"10":{"start":{"line":11,"column":4},"end":{"line":11,"column":17}},"11":{"start":{"line":13,"column":25},"end":{"line":17,"column":2}},"12":{"start":{"line":14,"column":4},"end":{"line":14,"column":72}},"13":{"start":{"line":16,"column":4},"end":{"line":16,"column":21}},"14":{"start":{"line":18,"column":19},"end":{"line":24,"column":1}},"15":{"start":{"line":19,"column":4},"end":{"line":19,"column":42}},"16":{"start":{"line":19,"column":31},"end":{"line":19,"column":42}},"17":{"start":{"line":20,"column":17},"end":{"line":20,"column":19}},"18":{"start":{"line":21,"column":4},"end":{"line":21,"column":141}},"19":{"start":{"line":21,"column":21},"end":{"line":21,"column":141}},"20":{"start":{"line":21,"column":40},"end":{"line":21,"column":141}},"21":{"start":{"line":21,"column":109},"end":{"line":21,"column":141}},"22":{"start":{"line":22,"column":4},"end":{"line":22,"column":36}},"23":{"start":{"line":23,"column":4},"end":{"line":23,"column":18}},"24":{"start":{"line":25,"column":0},"end":{"line":25,"column":62}},"25":{"start":{"line":26,"column":0},"end":{"line":26,"column":40}},"26":{"start":{"line":27,"column":17},"end":{"line":27,"column":42}},"27":{"start":{"line":29,"column":20},"end":{"line":29,"column":40}},"28":{"start":{"line":30,"column":4},"end":{"line":33,"column":5}},"29":{"start":{"line":31,"column":36},"end":{"line":31,"column":106}},"30":{"start":{"line":31,"column":71},"end":{"line":31,"column":105}},"31":{"start":{"line":32,"column":8},"end":{"line":32,"column":68}},"32":{"start":{"line":34,"column":21},"end":{"line":34,"column":73}},"33":{"start":{"line":35,"column":17},"end":{"line":35,"column":88}},"34":{"start":{"line":36,"column":19},"end":{"line":36,"column":49}},"35":{"start":{"line":37,"column":18},"end":{"line":37,"column":35}},"36":{"start":{"line":38,"column":18},"end":{"line":38,"column":35}},"37":{"start":{"line":39,"column":16},"end":{"line":39,"column":184}},"38":{"start":{"line":40,"column":17},"end":{"line":40,"column":151}},"39":{"start":{"line":41,"column":4},"end":{"line":44,"column":5}},"40":{"start":{"line":42,"column":34},"end":{"line":42,"column":104}},"41":{"start":{"line":42,"column":69},"end":{"line":42,"column":103}},"42":{"start":{"line":43,"column":8},"end":{"line":43,"column":55}},"43":{"start":{"line":45,"column":4},"end":{"line":45,"column":85}}},"fnMap":{"0":{"name":"(anonymous_0)","decl":{"start":{"line":2,"column":74},"end":{"line":2,"column":75}},"loc":{"start":{"line":2,"column":96},"end":{"line":9,"column":1}},"line":2},"1":{"name":"(anonymous_1)","decl":{"start":{"line":6,"column":38},"end":{"line":6,"column":39}},"loc":{"start":{"line":6,"column":49},"end":{"line":6,"column":65}},"line":6},"2":{"name":"(anonymous_2)","decl":{"start":{"line":9,"column":6},"end":{"line":9,"column":7}},"loc":{"start":{"line":9,"column":28},"end":{"line":12,"column":1}},"line":9},"3":{"name":"(anonymous_3)","decl":{"start":{"line":13,"column":80},"end":{"line":13,"column":81}},"loc":{"start":{"line":13,"column":95},"end":{"line":15,"column":1}},"line":13},"4":{"name":"(anonymous_4)","decl":{"start":{"line":15,"column":5},"end":{"line":15,"column":6}},"loc":{"start":{"line":15,"column":20},"end":{"line":17,"column":1}},"line":15},"5":{"name":"(anonymous_5)","decl":{"start":{"line":18,"column":50},"end":{"line":18,"column":51}},"loc":{"start":{"line":18,"column":65},"end":{"line":24,"column":1}},"line":18},"6":{"name":"versionHistory","decl":{"start":{"line":28,"column":15},"end":{"line":28,"column":29}},"loc":{"start":{"line":28,"column":36},"end":{"line":46,"column":1}},"line":28},"7":{"name":"(anonymous_7)","decl":{"start":{"line":31,"column":65},"end":{"line":31,"column":66}},"loc":{"start":{"line":31,"column":71},"end":{"line":31,"column":105}},"line":31},"8":{"name":"(anonymous_8)","decl":{"start":{"line":42,"column":63},"end":{"line":42,"column":64}},"loc":{"start":{"line":42,"column":69},"end":{"line":42,"column":103}},"line":42}},"branchMap":{"0":{"loc":{"start":{"line":2,"column":22},"end":{"line":12,"column":3}},"type":"binary-expr","locations":[{"start":{"line":2,"column":23},"end":{"line":2,"column":27}},{"start":{"line":2,"column":31},"end":{"line":2,"column":51}},{"start":{"line":2,"column":57},"end":{"line":12,"column":2}}],"line":2},"1":{"loc":{"start":{"line":2,"column":57},"end":{"line":12,"column":2}},"type":"cond-expr","locations":[{"start":{"line":2,"column":74},"end":{"line":9,"column":1}},{"start":{"line":9,"column":6},"end":{"line":12,"column":1}}],"line":2},"2":{"loc":{"start":{"line":3,"column":4},"end":{"line":3,"column":33}},"type":"if","locations":[{"start":{"line":3,"column":4},"end":{"line":3,"column":33}},{"start":{"line":3,"column":4},"end":{"line":3,"column":33}}],"line":3},"3":{"loc":{"start":{"line":5,"column":4},"end":{"line":7,"column":5}},"type":"if","locations":[{"start":{"line":5,"column":4},"end":{"line":7,"column":5}},{"start":{"line":5,"column":4},"end":{"line":7,"column":5}}],"line":5},"4":{"loc":{"start":{"line":5,"column":8},"end":{"line":5,"column":85}},"type":"binary-expr","locations":[{"start":{"line":5,"column":8},"end":{"line":5,"column":13}},{"start":{"line":5,"column":18},"end":{"line":5,"column":84}}],"line":5},"5":{"loc":{"start":{"line":5,"column":18},"end":{"line":5,"column":84}},"type":"cond-expr","locations":[{"start":{"line":5,"column":34},"end":{"line":5,"column":47}},{"start":{"line":5,"column":50},"end":{"line":5,"column":84}}],"line":5},"6":{"loc":{"start":{"line":5,"column":50},"end":{"line":5,"column":84}},"type":"binary-expr","locations":[{"start":{"line":5,"column":50},"end":{"line":5,"column":63}},{"start":{"line":5,"column":67},"end":{"line":5,"column":84}}],"line":5},"7":{"loc":{"start":{"line":10,"column":4},"end":{"line":10,"column":33}},"type":"if","locations":[{"start":{"line":10,"column":4},"end":{"line":10,"column":33}},{"start":{"line":10,"column":4},"end":{"line":10,"column":33}}],"line":10},"8":{"loc":{"start":{"line":13,"column":25},"end":{"line":17,"column":2}},"type":"binary-expr","locations":[{"start":{"line":13,"column":26},"end":{"line":13,"column":30}},{"start":{"line":13,"column":34},"end":{"line":13,"column":57}},{"start":{"line":13,"column":63},"end":{"line":17,"column":1}}],"line":13},"9":{"loc":{"start":{"line":13,"column":63},"end":{"line":17,"column":1}},"type":"cond-expr","locations":[{"start":{"line":13,"column":80},"end":{"line":15,"column":1}},{"start":{"line":15,"column":5},"end":{"line":17,"column":1}}],"line":13},"10":{"loc":{"start":{"line":18,"column":19},"end":{"line":24,"column":1}},"type":"binary-expr","locations":[{"start":{"line":18,"column":20},"end":{"line":18,"column":24}},{"start":{"line":18,"column":28},"end":{"line":18,"column":45}},{"start":{"line":18,"column":50},"end":{"line":24,"column":1}}],"line":18},"11":{"loc":{"start":{"line":19,"column":4},"end":{"line":19,"column":42}},"type":"if","locations":[{"start":{"line":19,"column":4},"end":{"line":19,"column":42}},{"start":{"line":19,"column":4},"end":{"line":19,"column":42}}],"line":19},"12":{"loc":{"start":{"line":19,"column":8},"end":{"line":19,"column":29}},"type":"binary-expr","locations":[{"start":{"line":19,"column":8},"end":{"line":19,"column":11}},{"start":{"line":19,"column":15},"end":{"line":19,"column":29}}],"line":19},"13":{"loc":{"start":{"line":21,"column":4},"end":{"line":21,"column":141}},"type":"if","locations":[{"start":{"line":21,"column":4},"end":{"line":21,"column":141}},{"start":{"line":21,"column":4},"end":{"line":21,"column":141}}],"line":21},"14":{"loc":{"start":{"line":21,"column":40},"end":{"line":21,"column":141}},"type":"if","locations":[{"start":{"line":21,"column":40},"end":{"line":21,"column":141}},{"start":{"line":21,"column":40},"end":{"line":21,"column":141}}],"line":21},"15":{"loc":{"start":{"line":21,"column":44},"end":{"line":21,"column":107}},"type":"binary-expr","locations":[{"start":{"line":21,"column":44},"end":{"line":21,"column":59}},{"start":{"line":21,"column":63},"end":{"line":21,"column":107}}],"line":21},"16":{"loc":{"start":{"line":29,"column":20},"end":{"line":29,"column":40}},"type":"binary-expr","locations":[{"start":{"line":29,"column":20},"end":{"line":29,"column":32}},{"start":{"line":29,"column":36},"end":{"line":29,"column":40}}],"line":29},"17":{"loc":{"start":{"line":30,"column":4},"end":{"line":33,"column":5}},"type":"if","locations":[{"start":{"line":30,"column":4},"end":{"line":33,"column":5}},{"start":{"line":30,"column":4},"end":{"line":33,"column":5}}],"line":30},"18":{"loc":{"start":{"line":38,"column":18},"end":{"line":38,"column":35}},"type":"binary-expr","locations":[{"start":{"line":38,"column":18},"end":{"line":38,"column":23}},{"start":{"line":38,"column":27},"end":{"line":38,"column":35}}],"line":38},"19":{"loc":{"start":{"line":41,"column":4},"end":{"line":44,"column":5}},"type":"if","locations":[{"start":{"line":41,"column":4},"end":{"line":44,"column":5}},{"start":{"line":41,"column":4},"end":{"line":44,"column":5}}],"line":41},"20":{"loc":{"start":{"line":41,"column":8},"end":{"line":41,"column":34}},"type":"binary-expr","locations":[{"start":{"line":41,"column":8},"end":{"line":41,"column":13}},{"start":{"line":41,"column":17},"end":{"line":41,"column":34}}],"line":41}},"s":{"0":0,"1":0,"2":0,"3":0,"4":0,"5":0,"6":0,"7":0,"8":0,"9":0,"10":0,"11":0,"12":0,"13":0,"14":0,"15":0,"16":0,"17":0,"18":0,"19":0,"20":0,"21":0,"22":0,"23":0,"24":0,"25":0,"26":0,"27":0,"28":0,"29":0,"30":0,"31":0,"32":0,"33":0,"34":0,"35":0,"36":0,"37":0,"38":0,"39":0,"40":0,"41":0,"42":0,"43":0},"f":{"0":0,"1":0,"2":0,"3":0,"4":0,"5":0,"6":0,"7":0,"8":0},"b":{"0":[0,0,0],"1":[0,0],"2":[0,0],"3":[0,0],"4":[0,0],"5":[0,0],"6":[0,0],"7":[0,0],"8":[0,0,0],"9":[0,0],"10":[0,0,0],"11":[0,0],"12":[0,0],"13":[0,0],"14":[0,0],"15":[0,0],"16":[0,0],"17":[0,0],"18":[0,0],"19":[0,0],"20":[0,0]},"inputSourceMap":{"version":3,"file":"version-history.js","sourceRoot":"","sources":["../../../src/modules/version-history.ts"],"names":[],"mappings":";;;;;;;;;;;;;;;;;;;;;;;;;AAQA,wCAoBC;AA5BD,2CAA+C;AAQxC,KAAK,UAAU,cAAc,CAAC,IAA2B;IAC9D,MAAM,OAAO,GAAG,IAAI,CAAC,OAAO,IAAI,IAAI,CAAC;IACrC,IAAI,CAAC,IAAI,EAAE,EAAE,EAAE,CAAC;QACd,MAAM,EAAE,eAAe,EAAE,GAAG,wDAAa,WAAW,GAAC,CAAC;QACtD,MAAM,IAAI,eAAe,CAAC,gCAAgC,CAAC,CAAC;IAC9D,CAAC;IAED,MAAM,QAAQ,GAAG,0BAA0B,OAAO,UAAU,IAAI,CAAC,EAAE,EAAE,CAAC;IACtE,MAAM,IAAI,GAAG,MAAM,sBAAa,CAAC,OAAO,CAAC,QAAQ,EAAE,EAAE,EAAE,IAAI,CAAC,cAAc,CAAC,CAAC;IAC5E,MAAM,MAAM,GAAG,8BAA8B,CAAC;IAC9C,MAAM,KAAK,GAAG,MAAM,CAAC,IAAI,CAAC,IAAI,CAAC,CAAC;IAChC,MAAM,KAAK,GAAG,KAAK,IAAI,KAAK,CAAC,CAAC,CAAC,CAAC;IAEhC,MAAM,GAAG,GAAG,kDAAkD,OAAO,SAAS,IAAI,CAAC,EAAE,+FAA+F,CAAC;IACrL,MAAM,IAAI,GAAG,MAAM,sBAAa,CAAC,OAAO,CAAC,GAAG,EAAE,EAAE,MAAM,EAAE,wBAAwB,EAAE,aAAa,EAAE,UAAU,KAAK,EAAE,EAAE,EAAE,IAAI,CAAC,cAAc,CAAC,CAAC;IAC3I,IAAI,CAAC,IAAI,IAAI,IAAI,CAAC,MAAM,KAAK,CAAC,EAAE,CAAC;QAC/B,MAAM,EAAE,aAAa,EAAE,GAAG,wDAAa,WAAW,GAAC,CAAC;QACpD,MAAM,IAAI,aAAa,CAAC,qBAAqB,CAAC,CAAC;IACjD,CAAC;IACD,OAAO,IAAI,CAAC,KAAK,CAAC,IAAI,CAAC,CAAC,IAAI,CAAC,CAAC,CAAC,CAAC,UAAU,CAAC,kBAAkB,CAAC,GAAG,CAAC,cAAc,CAAC;AACnF,CAAC"},"all":true},"/mnt/c/Users/Guiguito/Documents/GitHub/app-store-scraper-ts/dist/cjs/types.js":{"path":"/mnt/c/Users/Guiguito/Documents/GitHub/app-store-scraper-ts/dist/cjs/types.js","statementMap":{"0":{"start":{"line":2,"column":0},"end":{"line":2,"column":62}}},"fnMap":{},"branchMap":{},"s":{"0":0},"f":{},"b":{},"inputSourceMap":{"version":3,"file":"types.js","sourceRoot":"","sources":["../../src/types.ts"],"names":[],"mappings":""},"all":true},"/mnt/c/Users/Guiguito/Documents/GitHub/app-store-scraper-ts/dist/cjs/utils/xml.js":{"path":"/mnt/c/Users/Guiguito/Documents/GitHub/app-store-scraper-ts/dist/cjs/utils/xml.js","statementMap":{"0":{"start":{"line":2,"column":0},"end":{"line":2,"column":62}},"1":{"start":{"line":3,"column":0},"end":{"line":3,"column":28}},"2":{"start":{"line":4,"column":26},"end":{"line":4,"column":52}},"3":{"start":{"line":5,"column":15},"end":{"line":5,"column":123}},"4":{"start":{"line":7,"column":4},"end":{"line":7,"column":29}}},"fnMap":{"0":{"name":"parseXml","decl":{"start":{"line":6,"column":9},"end":{"line":6,"column":17}},"loc":{"start":{"line":6,"column":23},"end":{"line":8,"column":1}},"line":6}},"branchMap":{},"s":{"0":0,"1":0,"2":0,"3":0,"4":0},"f":{"0":0},"b":{},"inputSourceMap":{"version":3,"file":"xml.js","sourceRoot":"","sources":["../../../src/utils/xml.ts"],"names":[],"mappings":";;AAIA,4BAEC;AAND,qDAA4C;AAE5C,MAAM,MAAM,GAAG,IAAI,2BAAS,CAAC,EAAE,gBAAgB,EAAE,KAAK,EAAE,mBAAmB,EAAE,EAAE,EAAE,YAAY,EAAE,OAAO,EAAE,CAAC,CAAC;AAE1G,SAAgB,QAAQ,CAAU,GAAW;IAC3C,OAAO,MAAM,CAAC,KAAK,CAAC,GAAG,CAAM,CAAC;AAChC,CAAC"},"all":true}}